{"C:\\Users\\lenovo\\OneDrive\\Documents\\WFM\\src\\components\\Skeleton.tsx": {"path":"C:\\Users\\lenovo\\OneDrive\\Documents\\WFM\\src\\components\\Skeleton.tsx","statementMap":{"0":{"start":{"line":16,"column":22},"end":{"line":16,"column":null}},"1":{"start":{"line":18,"column":25},"end":{"line":22,"column":null}},"2":{"start":{"line":24,"column":27},"end":{"line":28,"column":null}},"3":{"start":{"line":30,"column":37},"end":{"line":33,"column":null}},"4":{"start":{"line":35,"column":2},"end":{"line":39,"column":null}},"5":{"start":{"line":45,"column":2},"end":{"line":55,"column":null}},"6":{"start":{"line":48,"column":8},"end":{"line":53,"column":null}},"7":{"start":{"line":60,"column":2},"end":{"line":64,"column":null}},"8":{"start":{"line":69,"column":2},"end":{"line":90,"column":null}},"9":{"start":{"line":75,"column":12},"end":{"line":75,"column":null}},"10":{"start":{"line":82,"column":8},"end":{"line":88,"column":null}},"11":{"start":{"line":85,"column":14},"end":{"line":85,"column":null}},"12":{"start":{"line":95,"column":2},"end":{"line":100,"column":null}},"13":{"start":{"line":105,"column":2},"end":{"line":111,"column":null}},"14":{"start":{"line":116,"column":2},"end":{"line":127,"column":null}},"15":{"start":{"line":119,"column":8},"end":{"line":125,"column":null}}},"fnMap":{"0":{"name":"Skeleton","decl":{"start":{"line":9,"column":16},"end":{"line":9,"column":25}},"loc":{"start":{"line":15,"column":18},"end":{"line":41,"column":null}},"line":15},"1":{"name":"SkeletonText","decl":{"start":{"line":44,"column":16},"end":{"line":44,"column":29}},"loc":{"start":{"line":44,"column":100},"end":{"line":57,"column":null}},"line":44},"2":{"name":"(anonymous_2)","decl":{"start":{"line":47,"column":41},"end":{"line":47,"column":42}},"loc":{"start":{"line":48,"column":8},"end":{"line":53,"column":null}},"line":48},"3":{"name":"SkeletonCard","decl":{"start":{"line":59,"column":16},"end":{"line":59,"column":29}},"loc":{"start":{"line":59,"column":73},"end":{"line":66,"column":null}},"line":59},"4":{"name":"SkeletonTable","decl":{"start":{"line":68,"column":16},"end":{"line":68,"column":30}},"loc":{"start":{"line":68,"column":94},"end":{"line":92,"column":null}},"line":68},"5":{"name":"(anonymous_5)","decl":{"start":{"line":74,"column":47},"end":{"line":74,"column":48}},"loc":{"start":{"line":75,"column":12},"end":{"line":75,"column":null}},"line":75},"6":{"name":"(anonymous_6)","decl":{"start":{"line":81,"column":40},"end":{"line":81,"column":41}},"loc":{"start":{"line":82,"column":8},"end":{"line":88,"column":null}},"line":82},"7":{"name":"(anonymous_7)","decl":{"start":{"line":84,"column":49},"end":{"line":84,"column":50}},"loc":{"start":{"line":85,"column":14},"end":{"line":85,"column":null}},"line":85},"8":{"name":"SkeletonAvatar","decl":{"start":{"line":94,"column":16},"end":{"line":94,"column":31}},"loc":{"start":{"line":94,"column":65},"end":{"line":102,"column":null}},"line":94},"9":{"name":"SkeletonButton","decl":{"start":{"line":104,"column":16},"end":{"line":104,"column":31}},"loc":{"start":{"line":104,"column":75},"end":{"line":113,"column":null}},"line":104},"10":{"name":"SkeletonList","decl":{"start":{"line":115,"column":16},"end":{"line":115,"column":29}},"loc":{"start":{"line":115,"column":64},"end":{"line":129,"column":null}},"line":115},"11":{"name":"(anonymous_11)","decl":{"start":{"line":118,"column":41},"end":{"line":118,"column":42}},"loc":{"start":{"line":119,"column":8},"end":{"line":125,"column":null}},"line":119}},"branchMap":{"0":{"loc":{"start":{"line":10,"column":2},"end":{"line":10,"column":null}},"type":"default-arg","locations":[{"start":{"line":10,"column":14},"end":{"line":10,"column":null}}],"line":10},"1":{"loc":{"start":{"line":11,"column":2},"end":{"line":11,"column":null}},"type":"default-arg","locations":[{"start":{"line":11,"column":12},"end":{"line":11,"column":null}}],"line":11},"2":{"loc":{"start":{"line":14,"column":2},"end":{"line":14,"column":null}},"type":"default-arg","locations":[{"start":{"line":14,"column":14},"end":{"line":14,"column":null}}],"line":14},"3":{"loc":{"start":{"line":31,"column":11},"end":{"line":31,"column":null}},"type":"binary-expr","locations":[{"start":{"line":31,"column":11},"end":{"line":31,"column":21}},{"start":{"line":31,"column":21},"end":{"line":31,"column":null}}],"line":31},"4":{"loc":{"start":{"line":31,"column":21},"end":{"line":31,"column":null}},"type":"cond-expr","locations":[{"start":{"line":31,"column":42},"end":{"line":31,"column":51}},{"start":{"line":31,"column":51},"end":{"line":31,"column":null}}],"line":31},"5":{"loc":{"start":{"line":32,"column":12},"end":{"line":32,"column":null}},"type":"binary-expr","locations":[{"start":{"line":32,"column":12},"end":{"line":32,"column":23}},{"start":{"line":32,"column":23},"end":{"line":32,"column":null}}],"line":32},"6":{"loc":{"start":{"line":32,"column":23},"end":{"line":32,"column":null}},"type":"cond-expr","locations":[{"start":{"line":32,"column":44},"end":{"line":32,"column":52}},{"start":{"line":32,"column":52},"end":{"line":32,"column":null}}],"line":32},"7":{"loc":{"start":{"line":44,"column":31},"end":{"line":44,"column":42}},"type":"default-arg","locations":[{"start":{"line":44,"column":39},"end":{"line":44,"column":42}}],"line":44},"8":{"loc":{"start":{"line":44,"column":42},"end":{"line":44,"column":57}},"type":"default-arg","locations":[{"start":{"line":44,"column":54},"end":{"line":44,"column":57}}],"line":44},"9":{"loc":{"start":{"line":52,"column":17},"end":{"line":52,"column":null}},"type":"cond-expr","locations":[{"start":{"line":52,"column":35},"end":{"line":52,"column":43}},{"start":{"line":52,"column":43},"end":{"line":52,"column":null}}],"line":52},"10":{"loc":{"start":{"line":59,"column":31},"end":{"line":59,"column":46}},"type":"default-arg","locations":[{"start":{"line":59,"column":43},"end":{"line":59,"column":46}}],"line":59},"11":{"loc":{"start":{"line":68,"column":32},"end":{"line":68,"column":42}},"type":"default-arg","locations":[{"start":{"line":68,"column":39},"end":{"line":68,"column":42}}],"line":68},"12":{"loc":{"start":{"line":68,"column":42},"end":{"line":68,"column":54}},"type":"default-arg","locations":[{"start":{"line":68,"column":52},"end":{"line":68,"column":54}}],"line":68},"13":{"loc":{"start":{"line":94,"column":33},"end":{"line":94,"column":43}},"type":"default-arg","locations":[{"start":{"line":94,"column":40},"end":{"line":94,"column":43}}],"line":94},"14":{"loc":{"start":{"line":104,"column":33},"end":{"line":104,"column":48}},"type":"default-arg","locations":[{"start":{"line":104,"column":45},"end":{"line":104,"column":48}}],"line":104},"15":{"loc":{"start":{"line":115,"column":31},"end":{"line":115,"column":41}},"type":"default-arg","locations":[{"start":{"line":115,"column":39},"end":{"line":115,"column":41}}],"line":115}},"s":{"0":18,"1":18,"2":18,"3":18,"4":18,"5":3,"6":7,"7":1,"8":0,"9":0,"10":0,"11":0,"12":2,"13":0,"14":0,"15":0},"f":{"0":18,"1":3,"2":7,"3":1,"4":0,"5":0,"6":0,"7":0,"8":2,"9":0,"10":0,"11":0},"b":{"0":[18],"1":[18],"2":[18],"3":[18,7],"4":[5,2],"5":[18,7],"6":[5,2],"7":[3],"8":[3],"9":[3,4],"10":[1],"11":[0],"12":[0],"13":[2],"14":[0],"15":[0]},"meta":{"lastBranch":16,"lastFunction":12,"lastStatement":16,"seen":{"f:9:16:9:25":0,"b:10:14:10:Infinity":0,"b:11:12:11:Infinity":1,"b:14:14:14:Infinity":2,"s:16:22:16:Infinity":0,"s:18:25:22:Infinity":1,"s:24:27:28:Infinity":2,"s:30:37:33:Infinity":3,"b:31:11:31:21:31:21:31:Infinity":3,"b:31:42:31:51:31:51:31:Infinity":4,"b:32:12:32:23:32:23:32:Infinity":5,"b:32:44:32:52:32:52:32:Infinity":6,"s:35:2:39:Infinity":4,"f:44:16:44:29":1,"b:44:39:44:42":7,"b:44:54:44:57":8,"s:45:2:55:Infinity":5,"f:47:41:47:42":2,"s:48:8:53:Infinity":6,"b:52:35:52:43:52:43:52:Infinity":9,"f:59:16:59:29":3,"b:59:43:59:46":10,"s:60:2:64:Infinity":7,"f:68:16:68:30":4,"b:68:39:68:42":11,"b:68:52:68:54":12,"s:69:2:90:Infinity":8,"f:74:47:74:48":5,"s:75:12:75:Infinity":9,"f:81:40:81:41":6,"s:82:8:88:Infinity":10,"f:84:49:84:50":7,"s:85:14:85:Infinity":11,"f:94:16:94:31":8,"b:94:40:94:43":13,"s:95:2:100:Infinity":12,"f:104:16:104:31":9,"b:104:45:104:48":14,"s:105:2:111:Infinity":13,"f:115:16:115:29":10,"b:115:39:115:41":15,"s:116:2:127:Infinity":14,"f:118:41:118:42":11,"s:119:8:125:Infinity":15}}}
,"C:\\Users\\lenovo\\OneDrive\\Documents\\WFM\\src\\components\\Toast.tsx": {"path":"C:\\Users\\lenovo\\OneDrive\\Documents\\WFM\\src\\components\\Toast.tsx","statementMap":{"0":{"start":{"line":14,"column":2},"end":{"line":21,"column":null}},"1":{"start":{"line":15,"column":4},"end":{"line":20,"column":null}},"2":{"start":{"line":16,"column":20},"end":{"line":18,"column":null}},"3":{"start":{"line":17,"column":8},"end":{"line":17,"column":null}},"4":{"start":{"line":19,"column":6},"end":{"line":19,"column":null}},"5":{"start":{"line":19,"column":19},"end":{"line":19,"column":null}},"6":{"start":{"line":23,"column":16},"end":{"line":44,"column":null}},"7":{"start":{"line":46,"column":17},"end":{"line":51,"column":null}},"8":{"start":{"line":53,"column":21},"end":{"line":58,"column":null}},"9":{"start":{"line":60,"column":2},"end":{"line":74,"column":null}},"10":{"start":{"line":67,"column":23},"end":{"line":67,"column":null}}},"fnMap":{"0":{"name":"Toast","decl":{"start":{"line":13,"column":16},"end":{"line":13,"column":22}},"loc":{"start":{"line":13,"column":83},"end":{"line":76,"column":null}},"line":13},"1":{"name":"(anonymous_1)","decl":{"start":{"line":14,"column":12},"end":{"line":14,"column":18}},"loc":{"start":{"line":14,"column":18},"end":{"line":21,"column":5}},"line":14},"2":{"name":"(anonymous_2)","decl":{"start":{"line":16,"column":31},"end":{"line":16,"column":37}},"loc":{"start":{"line":16,"column":37},"end":{"line":18,"column":9}},"line":16},"3":{"name":"(anonymous_3)","decl":{"start":{"line":19,"column":13},"end":{"line":19,"column":19}},"loc":{"start":{"line":19,"column":19},"end":{"line":19,"column":null}},"line":19},"4":{"name":"(anonymous_4)","decl":{"start":{"line":67,"column":17},"end":{"line":67,"column":23}},"loc":{"start":{"line":67,"column":23},"end":{"line":67,"column":null}},"line":67}},"branchMap":{"0":{"loc":{"start":{"line":13,"column":43},"end":{"line":13,"column":60}},"type":"default-arg","locations":[{"start":{"line":13,"column":54},"end":{"line":13,"column":60}}],"line":13},"1":{"loc":{"start":{"line":15,"column":4},"end":{"line":20,"column":null}},"type":"if","locations":[{"start":{"line":15,"column":4},"end":{"line":20,"column":null}},{"start":{},"end":{}}],"line":15}},"s":{"0":7,"1":7,"2":6,"3":1,"4":6,"5":6,"6":7,"7":7,"8":7,"9":7,"10":1},"f":{"0":7,"1":7,"2":1,"3":6,"4":1},"b":{"0":[7],"1":[6,1]},"meta":{"lastBranch":2,"lastFunction":5,"lastStatement":11,"seen":{"f:13:16:13:22":0,"b:13:54:13:60":0,"s:14:2:21:Infinity":0,"f:14:12:14:18":1,"b:15:4:20:Infinity:undefined:undefined:undefined:undefined":1,"s:15:4:20:Infinity":1,"s:16:20:18:Infinity":2,"f:16:31:16:37":2,"s:17:8:17:Infinity":3,"s:19:6:19:Infinity":4,"f:19:13:19:19":3,"s:19:19:19:Infinity":5,"s:23:16:44:Infinity":6,"s:46:17:51:Infinity":7,"s:53:21:58:Infinity":8,"s:60:2:74:Infinity":9,"f:67:17:67:23":4,"s:67:23:67:Infinity":10}}}
,"C:\\Users\\lenovo\\OneDrive\\Documents\\WFM\\src\\components\\ToastContainer.tsx": {"path":"C:\\Users\\lenovo\\OneDrive\\Documents\\WFM\\src\\components\\ToastContainer.tsx","statementMap":{"0":{"start":{"line":9,"column":2},"end":{"line":16,"column":null}},"1":{"start":{"line":13,"column":10},"end":{"line":13,"column":null}}},"fnMap":{"0":{"name":"ToastContainer","decl":{"start":{"line":8,"column":16},"end":{"line":8,"column":31}},"loc":{"start":{"line":8,"column":73},"end":{"line":18,"column":null}},"line":8},"1":{"name":"(anonymous_1)","decl":{"start":{"line":12,"column":20},"end":{"line":12,"column":21}},"loc":{"start":{"line":13,"column":10},"end":{"line":13,"column":null}},"line":13}},"branchMap":{},"s":{"0":2,"1":0},"f":{"0":2,"1":0},"b":{},"meta":{"lastBranch":0,"lastFunction":2,"lastStatement":2,"seen":{"f:8:16:8:31":0,"s:9:2:16:Infinity":0,"f:12:20:12:21":1,"s:13:10:13:Infinity":1}}}
,"C:\\Users\\lenovo\\OneDrive\\Documents\\WFM\\src\\constants\\index.ts": {"path":"C:\\Users\\lenovo\\OneDrive\\Documents\\WFM\\src\\constants\\index.ts","statementMap":{"0":{"start":{"line":6,"column":36},"end":{"line":6,"column":null}},"1":{"start":{"line":7,"column":35},"end":{"line":7,"column":null}},"2":{"start":{"line":12,"column":28},"end":{"line":20,"column":null}},"3":{"start":{"line":25,"column":26},"end":{"line":29,"column":null}},"4":{"start":{"line":34,"column":27},"end":{"line":39,"column":null}},"5":{"start":{"line":44,"column":38},"end":{"line":50,"column":null}},"6":{"start":{"line":55,"column":26},"end":{"line":60,"column":null}},"7":{"start":{"line":65,"column":22},"end":{"line":70,"column":null}},"8":{"start":{"line":75,"column":30},"end":{"line":79,"column":null}},"9":{"start":{"line":84,"column":29},"end":{"line":96,"column":null}},"10":{"start":{"line":101,"column":26},"end":{"line":111,"column":null}},"11":{"start":{"line":116,"column":29},"end":{"line":121,"column":null}},"12":{"start":{"line":126,"column":30},"end":{"line":136,"column":null}},"13":{"start":{"line":141,"column":32},"end":{"line":151,"column":null}},"14":{"start":{"line":156,"column":22},"end":{"line":185,"column":null}},"15":{"start":{"line":170,"column":40},"end":{"line":170,"column":null}},"16":{"start":{"line":175,"column":41},"end":{"line":175,"column":null}},"17":{"start":{"line":180,"column":45},"end":{"line":180,"column":null}},"18":{"start":{"line":190,"column":28},"end":{"line":195,"column":null}},"19":{"start":{"line":200,"column":28},"end":{"line":207,"column":null}},"20":{"start":{"line":212,"column":21},"end":{"line":220,"column":null}}},"fnMap":{"0":{"name":"(anonymous_0)","decl":{"start":{"line":170,"column":24},"end":{"line":170,"column":25}},"loc":{"start":{"line":170,"column":40},"end":{"line":170,"column":null}},"line":170},"1":{"name":"(anonymous_1)","decl":{"start":{"line":175,"column":25},"end":{"line":175,"column":26}},"loc":{"start":{"line":175,"column":41},"end":{"line":175,"column":null}},"line":175},"2":{"name":"(anonymous_2)","decl":{"start":{"line":180,"column":29},"end":{"line":180,"column":30}},"loc":{"start":{"line":180,"column":45},"end":{"line":180,"column":null}},"line":180}},"branchMap":{},"s":{"0":10,"1":10,"2":10,"3":10,"4":10,"5":10,"6":10,"7":10,"8":10,"9":10,"10":10,"11":10,"12":10,"13":10,"14":10,"15":0,"16":0,"17":0,"18":10,"19":10,"20":10},"f":{"0":0,"1":0,"2":0},"b":{},"meta":{"lastBranch":0,"lastFunction":3,"lastStatement":21,"seen":{"s:6:36:6:Infinity":0,"s:7:35:7:Infinity":1,"s:12:28:20:Infinity":2,"s:25:26:29:Infinity":3,"s:34:27:39:Infinity":4,"s:44:38:50:Infinity":5,"s:55:26:60:Infinity":6,"s:65:22:70:Infinity":7,"s:75:30:79:Infinity":8,"s:84:29:96:Infinity":9,"s:101:26:111:Infinity":10,"s:116:29:121:Infinity":11,"s:126:30:136:Infinity":12,"s:141:32:151:Infinity":13,"s:156:22:185:Infinity":14,"f:170:24:170:25":0,"s:170:40:170:Infinity":15,"f:175:25:175:26":1,"s:175:41:175:Infinity":16,"f:180:29:180:30":2,"s:180:45:180:Infinity":17,"s:190:28:195:Infinity":18,"s:200:28:207:Infinity":19,"s:212:21:220:Infinity":20}}}
,"C:\\Users\\lenovo\\OneDrive\\Documents\\WFM\\src\\hooks\\useAuth.ts": {"path":"C:\\Users\\lenovo\\OneDrive\\Documents\\WFM\\src\\hooks\\useAuth.ts","statementMap":{"0":{"start":{"line":6,"column":8},"end":{"line":6,"column":null}},"1":{"start":{"line":7,"column":2},"end":{"line":9,"column":null}},"2":{"start":{"line":8,"column":4},"end":{"line":8,"column":null}},"3":{"start":{"line":11,"column":19},"end":{"line":11,"column":null}},"4":{"start":{"line":14,"column":8},"end":{"line":14,"column":null}},"5":{"start":{"line":14,"column":34},"end":{"line":14,"column":56}},"6":{"start":{"line":15,"column":8},"end":{"line":15,"column":null}},"7":{"start":{"line":15,"column":33},"end":{"line":15,"column":54}},"8":{"start":{"line":16,"column":8},"end":{"line":16,"column":null}},"9":{"start":{"line":16,"column":36},"end":{"line":16,"column":60}},"10":{"start":{"line":17,"column":8},"end":{"line":17,"column":null}},"11":{"start":{"line":17,"column":53},"end":{"line":17,"column":95}},"12":{"start":{"line":20,"column":8},"end":{"line":20,"column":null}},"13":{"start":{"line":20,"column":45},"end":{"line":20,"column":95}},"14":{"start":{"line":21,"column":8},"end":{"line":21,"column":null}},"15":{"start":{"line":21,"column":45},"end":{"line":21,"column":67}},"16":{"start":{"line":22,"column":8},"end":{"line":25,"column":null}},"17":{"start":{"line":24,"column":4},"end":{"line":24,"column":null}},"18":{"start":{"line":27,"column":2},"end":{"line":38,"column":null}}},"fnMap":{"0":{"name":"useAuth","decl":{"start":{"line":5,"column":16},"end":{"line":5,"column":26}},"loc":{"start":{"line":5,"column":26},"end":{"line":39,"column":null}},"line":5},"1":{"name":"(anonymous_1)","decl":{"start":{"line":14,"column":28},"end":{"line":14,"column":34}},"loc":{"start":{"line":14,"column":34},"end":{"line":14,"column":56}},"line":14},"2":{"name":"(anonymous_2)","decl":{"start":{"line":15,"column":27},"end":{"line":15,"column":33}},"loc":{"start":{"line":15,"column":33},"end":{"line":15,"column":54}},"line":15},"3":{"name":"(anonymous_3)","decl":{"start":{"line":16,"column":30},"end":{"line":16,"column":36}},"loc":{"start":{"line":16,"column":36},"end":{"line":16,"column":60}},"line":16},"4":{"name":"(anonymous_4)","decl":{"start":{"line":17,"column":30},"end":{"line":17,"column":31}},"loc":{"start":{"line":17,"column":53},"end":{"line":17,"column":95}},"line":17},"5":{"name":"(anonymous_5)","decl":{"start":{"line":20,"column":39},"end":{"line":20,"column":45}},"loc":{"start":{"line":20,"column":45},"end":{"line":20,"column":95}},"line":20},"6":{"name":"(anonymous_6)","decl":{"start":{"line":21,"column":39},"end":{"line":21,"column":45}},"loc":{"start":{"line":21,"column":45},"end":{"line":21,"column":67}},"line":21},"7":{"name":"(anonymous_7)","decl":{"start":{"line":22,"column":38},"end":{"line":22,"column":39}},"loc":{"start":{"line":22,"column":67},"end":{"line":25,"column":5}},"line":22}},"branchMap":{"0":{"loc":{"start":{"line":7,"column":2},"end":{"line":9,"column":null}},"type":"if","locations":[{"start":{"line":7,"column":2},"end":{"line":9,"column":null}},{"start":{},"end":{}}],"line":7},"1":{"loc":{"start":{"line":17,"column":53},"end":{"line":17,"column":95}},"type":"cond-expr","locations":[{"start":{"line":17,"column":60},"end":{"line":17,"column":88}},{"start":{"line":17,"column":88},"end":{"line":17,"column":95}}],"line":17},"2":{"loc":{"start":{"line":20,"column":45},"end":{"line":20,"column":95}},"type":"cond-expr","locations":[{"start":{"line":20,"column":52},"end":{"line":20,"column":88}},{"start":{"line":20,"column":88},"end":{"line":20,"column":95}}],"line":20}},"s":{"0":10,"1":10,"2":0,"3":10,"4":10,"5":4,"6":10,"7":4,"8":10,"9":4,"10":10,"11":2,"12":10,"13":4,"14":10,"15":4,"16":10,"17":2,"18":10},"f":{"0":10,"1":4,"2":4,"3":4,"4":2,"5":4,"6":4,"7":2},"b":{"0":[0,10],"1":[2,0],"2":[3,1]},"meta":{"lastBranch":3,"lastFunction":8,"lastStatement":19,"seen":{"f:5:16:5:26":0,"s:6:8:6:Infinity":0,"b:7:2:9:Infinity:undefined:undefined:undefined:undefined":0,"s:7:2:9:Infinity":1,"s:8:4:8:Infinity":2,"s:11:19:11:Infinity":3,"s:14:8:14:Infinity":4,"f:14:28:14:34":1,"s:14:34:14:56":5,"s:15:8:15:Infinity":6,"f:15:27:15:33":2,"s:15:33:15:54":7,"s:16:8:16:Infinity":8,"f:16:30:16:36":3,"s:16:36:16:60":9,"s:17:8:17:Infinity":10,"f:17:30:17:31":4,"s:17:53:17:95":11,"b:17:60:17:88:17:88:17:95":1,"s:20:8:20:Infinity":12,"f:20:39:20:45":5,"s:20:45:20:95":13,"b:20:52:20:88:20:88:20:95":2,"s:21:8:21:Infinity":14,"f:21:39:21:45":6,"s:21:45:21:67":15,"s:22:8:25:Infinity":16,"f:22:38:22:39":7,"s:24:4:24:Infinity":17,"s:27:2:38:Infinity":18}}}
,"C:\\Users\\lenovo\\OneDrive\\Documents\\WFM\\src\\lib\\AuthContext.tsx": {"path":"C:\\Users\\lenovo\\OneDrive\\Documents\\WFM\\src\\lib\\AuthContext.tsx","statementMap":{"0":{"start":{"line":20,"column":13},"end":{"line":20,"column":null}},"1":{"start":{"line":24,"column":23},"end":{"line":26,"column":null}},"2":{"start":{"line":28,"column":18},"end":{"line":28,"column":null}},"3":{"start":{"line":31,"column":2},"end":{"line":33,"column":null}},"4":{"start":{"line":32,"column":4},"end":{"line":32,"column":null}},"5":{"start":{"line":37,"column":2},"end":{"line":39,"column":null}},"6":{"start":{"line":38,"column":4},"end":{"line":38,"column":null}},"7":{"start":{"line":42,"column":2},"end":{"line":44,"column":null}},"8":{"start":{"line":43,"column":4},"end":{"line":43,"column":null}},"9":{"start":{"line":47,"column":2},"end":{"line":47,"column":null}},"10":{"start":{"line":47,"column":41},"end":{"line":47,"column":null}},"11":{"start":{"line":48,"column":2},"end":{"line":48,"column":null}},"12":{"start":{"line":48,"column":38},"end":{"line":48,"column":null}},"13":{"start":{"line":49,"column":2},"end":{"line":49,"column":null}},"14":{"start":{"line":49,"column":64},"end":{"line":49,"column":null}},"15":{"start":{"line":51,"column":2},"end":{"line":51,"column":null}},"16":{"start":{"line":55,"column":22},"end":{"line":55,"column":null}},"17":{"start":{"line":56,"column":38},"end":{"line":56,"column":null}},"18":{"start":{"line":57,"column":28},"end":{"line":57,"column":null}},"19":{"start":{"line":58,"column":28},"end":{"line":58,"column":null}},"20":{"start":{"line":60,"column":26},"end":{"line":60,"column":null}},"21":{"start":{"line":62,"column":8},"end":{"line":72,"column":null}},"22":{"start":{"line":63,"column":4},"end":{"line":71,"column":null}},"23":{"start":{"line":64,"column":19},"end":{"line":64,"column":null}},"24":{"start":{"line":65,"column":6},"end":{"line":65,"column":null}},"25":{"start":{"line":67,"column":6},"end":{"line":67,"column":null}},"26":{"start":{"line":68,"column":6},"end":{"line":68,"column":null}},"27":{"start":{"line":70,"column":6},"end":{"line":70,"column":null}},"28":{"start":{"line":74,"column":2},"end":{"line":93,"column":null}},"29":{"start":{"line":75,"column":4},"end":{"line":80,"column":null}},"30":{"start":{"line":76,"column":6},"end":{"line":76,"column":null}},"31":{"start":{"line":77,"column":6},"end":{"line":77,"column":null}},"32":{"start":{"line":78,"column":6},"end":{"line":79,"column":null}},"33":{"start":{"line":78,"column":25},"end":{"line":78,"column":null}},"34":{"start":{"line":79,"column":11},"end":{"line":79,"column":null}},"35":{"start":{"line":82,"column":39},"end":{"line":90,"column":null}},"36":{"start":{"line":83,"column":6},"end":{"line":83,"column":null}},"37":{"start":{"line":84,"column":6},"end":{"line":84,"column":null}},"38":{"start":{"line":85,"column":6},"end":{"line":89,"column":null}},"39":{"start":{"line":85,"column":25},"end":{"line":85,"column":null}},"40":{"start":{"line":87,"column":8},"end":{"line":87,"column":null}},"41":{"start":{"line":88,"column":8},"end":{"line":88,"column":null}},"42":{"start":{"line":92,"column":4},"end":{"line":92,"column":null}},"43":{"start":{"line":92,"column":17},"end":{"line":92,"column":null}},"44":{"start":{"line":96,"column":4},"end":{"line":101,"column":null}},"45":{"start":{"line":97,"column":6},"end":{"line":97,"column":null}},"46":{"start":{"line":98,"column":6},"end":{"line":98,"column":null}},"47":{"start":{"line":100,"column":6},"end":{"line":100,"column":null}},"48":{"start":{"line":105,"column":4},"end":{"line":123,"column":null}},"49":{"start":{"line":107,"column":30},"end":{"line":110,"column":null}},"50":{"start":{"line":112,"column":6},"end":{"line":112,"column":null}},"51":{"start":{"line":112,"column":17},"end":{"line":112,"column":null}},"52":{"start":{"line":114,"column":6},"end":{"line":118,"column":null}},"53":{"start":{"line":115,"column":8},"end":{"line":115,"column":null}},"54":{"start":{"line":116,"column":8},"end":{"line":116,"column":null}},"55":{"start":{"line":117,"column":8},"end":{"line":117,"column":null}},"56":{"start":{"line":120,"column":6},"end":{"line":120,"column":null}},"57":{"start":{"line":122,"column":6},"end":{"line":122,"column":null}},"58":{"start":{"line":127,"column":4},"end":{"line":127,"column":null}},"59":{"start":{"line":128,"column":4},"end":{"line":128,"column":null}},"60":{"start":{"line":129,"column":4},"end":{"line":129,"column":null}},"61":{"start":{"line":130,"column":4},"end":{"line":130,"column":null}},"62":{"start":{"line":133,"column":2},"end":{"line":136,"column":null}}},"fnMap":{"0":{"name":"getUserFriendlyError","decl":{"start":{"line":23,"column":9},"end":{"line":23,"column":30}},"loc":{"start":{"line":23,"column":53},"end":{"line":52,"column":null}},"line":23},"1":{"name":"AuthProvider","decl":{"start":{"line":54,"column":16},"end":{"line":54,"column":29}},"loc":{"start":{"line":54,"column":68},"end":{"line":138,"column":null}},"line":54},"2":{"name":"(anonymous_2)","decl":{"start":{"line":62,"column":39},"end":{"line":62,"column":46}},"loc":{"start":{"line":62,"column":65},"end":{"line":72,"column":5}},"line":62},"3":{"name":"(anonymous_3)","decl":{"start":{"line":74,"column":12},"end":{"line":74,"column":18}},"loc":{"start":{"line":74,"column":18},"end":{"line":93,"column":5}},"line":74},"4":{"name":"(anonymous_4)","decl":{"start":{"line":75,"column":36},"end":{"line":75,"column":37}},"loc":{"start":{"line":75,"column":63},"end":{"line":80,"column":5}},"line":75},"5":{"name":"(anonymous_5)","decl":{"start":{"line":82,"column":71},"end":{"line":82,"column":72}},"loc":{"start":{"line":82,"column":92},"end":{"line":90,"column":5}},"line":82},"6":{"name":"(anonymous_6)","decl":{"start":{"line":92,"column":11},"end":{"line":92,"column":17}},"loc":{"start":{"line":92,"column":17},"end":{"line":92,"column":null}},"line":92},"7":{"name":"signUp","decl":{"start":{"line":95,"column":17},"end":{"line":95,"column":24}},"loc":{"start":{"line":95,"column":71},"end":{"line":102,"column":null}},"line":95},"8":{"name":"signIn","decl":{"start":{"line":104,"column":17},"end":{"line":104,"column":24}},"loc":{"start":{"line":104,"column":57},"end":{"line":124,"column":null}},"line":104},"9":{"name":"signOut","decl":{"start":{"line":126,"column":17},"end":{"line":126,"column":27}},"loc":{"start":{"line":126,"column":27},"end":{"line":131,"column":null}},"line":126}},"branchMap":{"0":{"loc":{"start":{"line":24,"column":23},"end":{"line":26,"column":null}},"type":"cond-expr","locations":[{"start":{"line":25,"column":6},"end":{"line":25,"column":null}},{"start":{"line":25,"column":6},"end":{"line":26,"column":null}}],"line":24},"1":{"loc":{"start":{"line":25,"column":6},"end":{"line":26,"column":null}},"type":"binary-expr","locations":[{"start":{"line":26,"column":7},"end":{"line":26,"column":262}},{"start":{"line":26,"column":262},"end":{"line":26,"column":null}}],"line":25},"2":{"loc":{"start":{"line":26,"column":7},"end":{"line":26,"column":262}},"type":"cond-expr","locations":[{"start":{"line":26,"column":67},"end":{"line":26,"column":248}},{"start":{"line":26,"column":248},"end":{"line":26,"column":262}}],"line":26},"3":{"loc":{"start":{"line":26,"column":7},"end":{"line":26,"column":67}},"type":"binary-expr","locations":[{"start":{"line":26,"column":7},"end":{"line":26,"column":16}},{"start":{"line":26,"column":16},"end":{"line":26,"column":45}},{"start":{"line":26,"column":45},"end":{"line":26,"column":67}}],"line":26},"4":{"loc":{"start":{"line":26,"column":67},"end":{"line":26,"column":248}},"type":"binary-expr","locations":[{"start":{"line":26,"column":67},"end":{"line":26,"column":152}},{"start":{"line":26,"column":152},"end":{"line":26,"column":215}},{"start":{"line":26,"column":215},"end":{"line":26,"column":248}}],"line":26},"5":{"loc":{"start":{"line":31,"column":2},"end":{"line":33,"column":null}},"type":"if","locations":[{"start":{"line":31,"column":2},"end":{"line":33,"column":null}},{"start":{},"end":{}}],"line":31},"6":{"loc":{"start":{"line":37,"column":2},"end":{"line":39,"column":null}},"type":"if","locations":[{"start":{"line":37,"column":2},"end":{"line":39,"column":null}},{"start":{},"end":{}}],"line":37},"7":{"loc":{"start":{"line":37,"column":6},"end":{"line":37,"column":139}},"type":"binary-expr","locations":[{"start":{"line":37,"column":6},"end":{"line":37,"column":55}},{"start":{"line":37,"column":55},"end":{"line":37,"column":104}},{"start":{"line":37,"column":104},"end":{"line":37,"column":139}}],"line":37},"8":{"loc":{"start":{"line":42,"column":2},"end":{"line":44,"column":null}},"type":"if","locations":[{"start":{"line":42,"column":2},"end":{"line":44,"column":null}},{"start":{},"end":{}}],"line":42},"9":{"loc":{"start":{"line":47,"column":2},"end":{"line":47,"column":null}},"type":"if","locations":[{"start":{"line":47,"column":2},"end":{"line":47,"column":null}},{"start":{},"end":{}}],"line":47},"10":{"loc":{"start":{"line":48,"column":2},"end":{"line":48,"column":null}},"type":"if","locations":[{"start":{"line":48,"column":2},"end":{"line":48,"column":null}},{"start":{},"end":{}}],"line":48},"11":{"loc":{"start":{"line":49,"column":2},"end":{"line":49,"column":null}},"type":"if","locations":[{"start":{"line":49,"column":2},"end":{"line":49,"column":null}},{"start":{},"end":{}}],"line":49},"12":{"loc":{"start":{"line":49,"column":6},"end":{"line":49,"column":64}},"type":"binary-expr","locations":[{"start":{"line":49,"column":6},"end":{"line":49,"column":37}},{"start":{"line":49,"column":37},"end":{"line":49,"column":64}}],"line":49},"13":{"loc":{"start":{"line":60,"column":26},"end":{"line":60,"column":null}},"type":"binary-expr","locations":[{"start":{"line":60,"column":26},"end":{"line":60,"column":39}},{"start":{"line":60,"column":39},"end":{"line":60,"column":null}}],"line":60},"14":{"loc":{"start":{"line":77,"column":22},"end":{"line":77,"column":43}},"type":"binary-expr","locations":[{"start":{"line":77,"column":22},"end":{"line":77,"column":39}},{"start":{"line":77,"column":39},"end":{"line":77,"column":43}}],"line":77},"15":{"loc":{"start":{"line":78,"column":6},"end":{"line":79,"column":null}},"type":"if","locations":[{"start":{"line":78,"column":6},"end":{"line":79,"column":null}},{"start":{"line":79,"column":11},"end":{"line":79,"column":null}}],"line":78},"16":{"loc":{"start":{"line":84,"column":22},"end":{"line":84,"column":43}},"type":"binary-expr","locations":[{"start":{"line":84,"column":22},"end":{"line":84,"column":39}},{"start":{"line":84,"column":39},"end":{"line":84,"column":43}}],"line":84},"17":{"loc":{"start":{"line":85,"column":6},"end":{"line":89,"column":null}},"type":"if","locations":[{"start":{"line":85,"column":6},"end":{"line":89,"column":null}},{"start":{"line":86,"column":11},"end":{"line":89,"column":null}}],"line":85},"18":{"loc":{"start":{"line":112,"column":6},"end":{"line":112,"column":null}},"type":"if","locations":[{"start":{"line":112,"column":6},"end":{"line":112,"column":null}},{"start":{},"end":{}}],"line":112},"19":{"loc":{"start":{"line":114,"column":6},"end":{"line":118,"column":null}},"type":"if","locations":[{"start":{"line":114,"column":6},"end":{"line":118,"column":null}},{"start":{},"end":{}}],"line":114},"20":{"loc":{"start":{"line":122,"column":22},"end":{"line":122,"column":84}},"type":"cond-expr","locations":[{"start":{"line":122,"column":47},"end":{"line":122,"column":55}},{"start":{"line":122,"column":55},"end":{"line":122,"column":84}}],"line":122}},"s":{"0":1,"1":0,"2":0,"3":0,"4":0,"5":0,"6":0,"7":0,"8":0,"9":0,"10":0,"11":0,"12":0,"13":0,"14":0,"15":0,"16":0,"17":0,"18":0,"19":0,"20":0,"21":0,"22":0,"23":0,"24":0,"25":0,"26":0,"27":0,"28":0,"29":0,"30":0,"31":0,"32":0,"33":0,"34":0,"35":0,"36":0,"37":0,"38":0,"39":0,"40":0,"41":0,"42":0,"43":0,"44":0,"45":0,"46":0,"47":0,"48":0,"49":0,"50":0,"51":0,"52":0,"53":0,"54":0,"55":0,"56":0,"57":0,"58":0,"59":0,"60":0,"61":0,"62":0},"f":{"0":0,"1":0,"2":0,"3":0,"4":0,"5":0,"6":0,"7":0,"8":0,"9":0},"b":{"0":[0,0],"1":[0,0],"2":[0,0],"3":[0,0,0],"4":[0,0,0],"5":[0,0],"6":[0,0],"7":[0,0,0],"8":[0,0],"9":[0,0],"10":[0,0],"11":[0,0],"12":[0,0],"13":[0,0],"14":[0,0],"15":[0,0],"16":[0,0],"17":[0,0],"18":[0,0],"19":[0,0],"20":[0,0]},"meta":{"lastBranch":21,"lastFunction":10,"lastStatement":63,"seen":{"s:20:13:20:Infinity":0,"f:23:9:23:30":0,"s:24:23:26:Infinity":1,"b:25:6:25:Infinity:25:6:26:Infinity":0,"b:26:7:26:262:26:262:26:Infinity":1,"b:26:67:26:248:26:248:26:262":2,"b:26:7:26:16:26:16:26:45:26:45:26:67":3,"b:26:67:26:152:26:152:26:215:26:215:26:248":4,"s:28:18:28:Infinity":2,"b:31:2:33:Infinity:undefined:undefined:undefined:undefined":5,"s:31:2:33:Infinity":3,"s:32:4:32:Infinity":4,"b:37:2:39:Infinity:undefined:undefined:undefined:undefined":6,"s:37:2:39:Infinity":5,"b:37:6:37:55:37:55:37:104:37:104:37:139":7,"s:38:4:38:Infinity":6,"b:42:2:44:Infinity:undefined:undefined:undefined:undefined":8,"s:42:2:44:Infinity":7,"s:43:4:43:Infinity":8,"b:47:2:47:Infinity:undefined:undefined:undefined:undefined":9,"s:47:2:47:Infinity":9,"s:47:41:47:Infinity":10,"b:48:2:48:Infinity:undefined:undefined:undefined:undefined":10,"s:48:2:48:Infinity":11,"s:48:38:48:Infinity":12,"b:49:2:49:Infinity:undefined:undefined:undefined:undefined":11,"s:49:2:49:Infinity":13,"b:49:6:49:37:49:37:49:64":12,"s:49:64:49:Infinity":14,"s:51:2:51:Infinity":15,"f:54:16:54:29":1,"s:55:22:55:Infinity":16,"s:56:38:56:Infinity":17,"s:57:28:57:Infinity":18,"s:58:28:58:Infinity":19,"s:60:26:60:Infinity":20,"b:60:26:60:39:60:39:60:Infinity":13,"s:62:8:72:Infinity":21,"f:62:39:62:46":2,"s:63:4:71:Infinity":22,"s:64:19:64:Infinity":23,"s:65:6:65:Infinity":24,"s:67:6:67:Infinity":25,"s:68:6:68:Infinity":26,"s:70:6:70:Infinity":27,"s:74:2:93:Infinity":28,"f:74:12:74:18":3,"s:75:4:80:Infinity":29,"f:75:36:75:37":4,"s:76:6:76:Infinity":30,"s:77:6:77:Infinity":31,"b:77:22:77:39:77:39:77:43":14,"b:78:6:79:Infinity:79:11:79:Infinity":15,"s:78:6:79:Infinity":32,"s:78:25:78:Infinity":33,"s:79:11:79:Infinity":34,"s:82:39:90:Infinity":35,"f:82:71:82:72":5,"s:83:6:83:Infinity":36,"s:84:6:84:Infinity":37,"b:84:22:84:39:84:39:84:43":16,"b:85:6:89:Infinity:86:11:89:Infinity":17,"s:85:6:89:Infinity":38,"s:85:25:85:Infinity":39,"s:87:8:87:Infinity":40,"s:88:8:88:Infinity":41,"s:92:4:92:Infinity":42,"f:92:11:92:17":6,"s:92:17:92:Infinity":43,"f:95:17:95:24":7,"s:96:4:101:Infinity":44,"s:97:6:97:Infinity":45,"s:98:6:98:Infinity":46,"s:100:6:100:Infinity":47,"f:104:17:104:24":8,"s:105:4:123:Infinity":48,"s:107:30:110:Infinity":49,"b:112:6:112:Infinity:undefined:undefined:undefined:undefined":18,"s:112:6:112:Infinity":50,"s:112:17:112:Infinity":51,"b:114:6:118:Infinity:undefined:undefined:undefined:undefined":19,"s:114:6:118:Infinity":52,"s:115:8:115:Infinity":53,"s:116:8:116:Infinity":54,"s:117:8:117:Infinity":55,"s:120:6:120:Infinity":56,"s:122:6:122:Infinity":57,"b:122:47:122:55:122:55:122:84":20,"f:126:17:126:27":9,"s:127:4:127:Infinity":58,"s:128:4:128:Infinity":59,"s:129:4:129:Infinity":60,"s:130:4:130:Infinity":61,"s:133:2:136:Infinity":62}}}
,"C:\\Users\\lenovo\\OneDrive\\Documents\\WFM\\src\\lib\\ToastContext.tsx": {"path":"C:\\Users\\lenovo\\OneDrive\\Documents\\WFM\\src\\lib\\ToastContext.tsx","statementMap":{"0":{"start":{"line":20,"column":6},"end":{"line":20,"column":null}},"1":{"start":{"line":23,"column":26},"end":{"line":23,"column":null}},"2":{"start":{"line":25,"column":8},"end":{"line":27,"column":null}},"3":{"start":{"line":26,"column":4},"end":{"line":26,"column":null}},"4":{"start":{"line":26,"column":24},"end":{"line":26,"column":63}},"5":{"start":{"line":26,"column":47},"end":{"line":26,"column":62}},"6":{"start":{"line":29,"column":8},"end":{"line":34,"column":null}},"7":{"start":{"line":30,"column":15},"end":{"line":30,"column":null}},"8":{"start":{"line":31,"column":28},"end":{"line":31,"column":null}},"9":{"start":{"line":33,"column":4},"end":{"line":33,"column":null}},"10":{"start":{"line":33,"column":24},"end":{"line":33,"column":43}},"11":{"start":{"line":36,"column":8},"end":{"line":38,"column":null}},"12":{"start":{"line":37,"column":4},"end":{"line":37,"column":null}},"13":{"start":{"line":40,"column":8},"end":{"line":42,"column":null}},"14":{"start":{"line":41,"column":4},"end":{"line":41,"column":null}},"15":{"start":{"line":44,"column":8},"end":{"line":46,"column":null}},"16":{"start":{"line":45,"column":4},"end":{"line":45,"column":null}},"17":{"start":{"line":48,"column":8},"end":{"line":50,"column":null}},"18":{"start":{"line":49,"column":4},"end":{"line":49,"column":null}},"19":{"start":{"line":52,"column":2},"end":{"line":56,"column":null}},"20":{"start":{"line":61,"column":8},"end":{"line":61,"column":null}},"21":{"start":{"line":62,"column":2},"end":{"line":64,"column":null}},"22":{"start":{"line":63,"column":4},"end":{"line":63,"column":null}},"23":{"start":{"line":65,"column":2},"end":{"line":65,"column":null}}},"fnMap":{"0":{"name":"ToastProvider","decl":{"start":{"line":22,"column":16},"end":{"line":22,"column":30}},"loc":{"start":{"line":22,"column":69},"end":{"line":58,"column":null}},"line":22},"1":{"name":"(anonymous_1)","decl":{"start":{"line":25,"column":34},"end":{"line":25,"column":35}},"loc":{"start":{"line":25,"column":50},"end":{"line":27,"column":5}},"line":25},"2":{"name":"(anonymous_2)","decl":{"start":{"line":26,"column":14},"end":{"line":26,"column":15}},"loc":{"start":{"line":26,"column":24},"end":{"line":26,"column":63}},"line":26},"3":{"name":"(anonymous_3)","decl":{"start":{"line":26,"column":36},"end":{"line":26,"column":37}},"loc":{"start":{"line":26,"column":47},"end":{"line":26,"column":62}},"line":26},"4":{"name":"(anonymous_4)","decl":{"start":{"line":29,"column":32},"end":{"line":29,"column":33}},"loc":{"start":{"line":29,"column":96},"end":{"line":34,"column":5}},"line":29},"5":{"name":"(anonymous_5)","decl":{"start":{"line":33,"column":14},"end":{"line":33,"column":15}},"loc":{"start":{"line":33,"column":24},"end":{"line":33,"column":43}},"line":33},"6":{"name":"(anonymous_6)","decl":{"start":{"line":36,"column":30},"end":{"line":36,"column":31}},"loc":{"start":{"line":36,"column":70},"end":{"line":38,"column":5}},"line":36},"7":{"name":"(anonymous_7)","decl":{"start":{"line":40,"column":28},"end":{"line":40,"column":29}},"loc":{"start":{"line":40,"column":68},"end":{"line":42,"column":5}},"line":40},"8":{"name":"(anonymous_8)","decl":{"start":{"line":44,"column":30},"end":{"line":44,"column":31}},"loc":{"start":{"line":44,"column":70},"end":{"line":46,"column":5}},"line":44},"9":{"name":"(anonymous_9)","decl":{"start":{"line":48,"column":27},"end":{"line":48,"column":28}},"loc":{"start":{"line":48,"column":67},"end":{"line":50,"column":5}},"line":48},"10":{"name":"useToast","decl":{"start":{"line":60,"column":16},"end":{"line":60,"column":27}},"loc":{"start":{"line":60,"column":27},"end":{"line":66,"column":null}},"line":60}},"branchMap":{"0":{"loc":{"start":{"line":29,"column":50},"end":{"line":29,"column":76}},"type":"default-arg","locations":[{"start":{"line":29,"column":68},"end":{"line":29,"column":76}}],"line":29},"1":{"loc":{"start":{"line":29,"column":76},"end":{"line":29,"column":96}},"type":"default-arg","locations":[{"start":{"line":29,"column":87},"end":{"line":29,"column":96}}],"line":29},"2":{"loc":{"start":{"line":62,"column":2},"end":{"line":64,"column":null}},"type":"if","locations":[{"start":{"line":62,"column":2},"end":{"line":64,"column":null}},{"start":{},"end":{}}],"line":62}},"s":{"0":1,"1":2,"2":2,"3":0,"4":0,"5":0,"6":2,"7":0,"8":0,"9":0,"10":0,"11":2,"12":0,"13":2,"14":0,"15":2,"16":0,"17":2,"18":0,"19":2,"20":0,"21":0,"22":0,"23":0},"f":{"0":2,"1":0,"2":0,"3":0,"4":0,"5":0,"6":0,"7":0,"8":0,"9":0,"10":0},"b":{"0":[0],"1":[0],"2":[0,0]},"meta":{"lastBranch":3,"lastFunction":11,"lastStatement":24,"seen":{"s:20:6:20:Infinity":0,"f:22:16:22:30":0,"s:23:26:23:Infinity":1,"s:25:8:27:Infinity":2,"f:25:34:25:35":1,"s:26:4:26:Infinity":3,"f:26:14:26:15":2,"s:26:24:26:63":4,"f:26:36:26:37":3,"s:26:47:26:62":5,"s:29:8:34:Infinity":6,"f:29:32:29:33":4,"b:29:68:29:76":0,"b:29:87:29:96":1,"s:30:15:30:Infinity":7,"s:31:28:31:Infinity":8,"s:33:4:33:Infinity":9,"f:33:14:33:15":5,"s:33:24:33:43":10,"s:36:8:38:Infinity":11,"f:36:30:36:31":6,"s:37:4:37:Infinity":12,"s:40:8:42:Infinity":13,"f:40:28:40:29":7,"s:41:4:41:Infinity":14,"s:44:8:46:Infinity":15,"f:44:30:44:31":8,"s:45:4:45:Infinity":16,"s:48:8:50:Infinity":17,"f:48:27:48:28":9,"s:49:4:49:Infinity":18,"s:52:2:56:Infinity":19,"f:60:16:60:27":10,"s:61:8:61:Infinity":20,"b:62:2:64:Infinity:undefined:undefined:undefined:undefined":2,"s:62:2:64:Infinity":21,"s:63:4:63:Infinity":22,"s:65:2:65:Infinity":23}}}
,"C:\\Users\\lenovo\\OneDrive\\Documents\\WFM\\src\\lib\\errorHandler.ts": {"path":"C:\\Users\\lenovo\\OneDrive\\Documents\\WFM\\src\\lib\\errorHandler.ts","statementMap":{"0":{"start":{"line":25,"column":110},"end":{"line":25,"column":null}},"1":{"start":{"line":26,"column":34},"end":{"line":26,"column":null}},"2":{"start":{"line":27,"column":20},"end":{"line":27,"column":null}},"3":{"start":{"line":32,"column":4},"end":{"line":34,"column":null}},"4":{"start":{"line":33,"column":6},"end":{"line":33,"column":null}},"5":{"start":{"line":35,"column":4},"end":{"line":35,"column":null}},"6":{"start":{"line":42,"column":4},"end":{"line":42,"column":null}},"7":{"start":{"line":57,"column":8},"end":{"line":57,"column":null}},"8":{"start":{"line":60,"column":23},"end":{"line":60,"column":null}},"9":{"start":{"line":64,"column":4},"end":{"line":72,"column":null}},"10":{"start":{"line":65,"column":6},"end":{"line":65,"column":null}},"11":{"start":{"line":66,"column":6},"end":{"line":66,"column":null}},"12":{"start":{"line":67,"column":4},"end":{"line":72,"column":null}},"13":{"start":{"line":68,"column":6},"end":{"line":68,"column":null}},"14":{"start":{"line":69,"column":6},"end":{"line":69,"column":null}},"15":{"start":{"line":70,"column":4},"end":{"line":72,"column":null}},"16":{"start":{"line":71,"column":6},"end":{"line":71,"column":null}},"17":{"start":{"line":75,"column":31},"end":{"line":81,"column":null}},"18":{"start":{"line":84,"column":4},"end":{"line":84,"column":null}},"19":{"start":{"line":85,"column":4},"end":{"line":87,"column":null}},"20":{"start":{"line":86,"column":6},"end":{"line":86,"column":null}},"21":{"start":{"line":90,"column":4},"end":{"line":100,"column":null}},"22":{"start":{"line":91,"column":6},"end":{"line":91,"column":null}},"23":{"start":{"line":92,"column":6},"end":{"line":92,"column":null}},"24":{"start":{"line":93,"column":6},"end":{"line":95,"column":null}},"25":{"start":{"line":94,"column":8},"end":{"line":94,"column":null}},"26":{"start":{"line":96,"column":6},"end":{"line":98,"column":null}},"27":{"start":{"line":97,"column":8},"end":{"line":97,"column":null}},"28":{"start":{"line":99,"column":6},"end":{"line":99,"column":null}},"29":{"start":{"line":103,"column":4},"end":{"line":105,"column":null}},"30":{"start":{"line":104,"column":6},"end":{"line":104,"column":null}},"31":{"start":{"line":108,"column":4},"end":{"line":110,"column":null}},"32":{"start":{"line":109,"column":6},"end":{"line":109,"column":null}},"33":{"start":{"line":112,"column":4},"end":{"line":112,"column":null}},"34":{"start":{"line":120,"column":4},"end":{"line":128,"column":null}},"35":{"start":{"line":121,"column":22},"end":{"line":121,"column":null}},"36":{"start":{"line":122,"column":6},"end":{"line":127,"column":null}},"37":{"start":{"line":137,"column":4},"end":{"line":137,"column":null}},"38":{"start":{"line":144,"column":4},"end":{"line":144,"column":null}},"39":{"start":{"line":153,"column":4},"end":{"line":156,"column":null}},"40":{"start":{"line":163,"column":4},"end":{"line":166,"column":null}},"41":{"start":{"line":173,"column":4},"end":{"line":178,"column":null}},"42":{"start":{"line":185,"column":4},"end":{"line":190,"column":null}},"43":{"start":{"line":197,"column":4},"end":{"line":200,"column":null}},"44":{"start":{"line":207,"column":4},"end":{"line":212,"column":null}},"45":{"start":{"line":208,"column":6},"end":{"line":211,"column":null}},"46":{"start":{"line":213,"column":4},"end":{"line":216,"column":null}},"47":{"start":{"line":220,"column":28},"end":{"line":220,"column":null}},"48":{"start":{"line":228,"column":2},"end":{"line":228,"column":null}},"49":{"start":{"line":235,"column":2},"end":{"line":235,"column":null}},"50":{"start":{"line":242,"column":2},"end":{"line":242,"column":null}},"51":{"start":{"line":249,"column":2},"end":{"line":249,"column":null}},"52":{"start":{"line":256,"column":2},"end":{"line":256,"column":null}},"53":{"start":{"line":263,"column":2},"end":{"line":263,"column":null}},"54":{"start":{"line":270,"column":2},"end":{"line":270,"column":null}},"55":{"start":{"line":278,"column":2},"end":{"line":278,"column":null}},"56":{"start":{"line":285,"column":2},"end":{"line":285,"column":null}},"57":{"start":{"line":292,"column":2},"end":{"line":292,"column":null}}},"fnMap":{"0":{"name":"(anonymous_0)","decl":{"start":{"line":29,"column":10},"end":{"line":29,"column":24}},"loc":{"start":{"line":29,"column":24},"end":{"line":29,"column":null}},"line":29},"1":{"name":"(anonymous_1)","decl":{"start":{"line":31,"column":9},"end":{"line":31,"column":37}},"loc":{"start":{"line":31,"column":37},"end":{"line":36,"column":null}},"line":31},"2":{"name":"(anonymous_2)","decl":{"start":{"line":41,"column":2},"end":{"line":41,"column":19}},"loc":{"start":{"line":41,"column":113},"end":{"line":43,"column":null}},"line":41},"3":{"name":"(anonymous_3)","decl":{"start":{"line":51,"column":2},"end":{"line":51,"column":9}},"loc":{"start":{"line":51,"column":61},"end":{"line":113,"column":null}},"line":51},"4":{"name":"(anonymous_4)","decl":{"start":{"line":119,"column":10},"end":{"line":119,"column":30}},"loc":{"start":{"line":119,"column":56},"end":{"line":129,"column":null}},"line":119},"5":{"name":"(anonymous_5)","decl":{"start":{"line":136,"column":2},"end":{"line":136,"column":18}},"loc":{"start":{"line":136,"column":42},"end":{"line":138,"column":null}},"line":136},"6":{"name":"(anonymous_6)","decl":{"start":{"line":143,"column":2},"end":{"line":143,"column":20}},"loc":{"start":{"line":143,"column":20},"end":{"line":145,"column":null}},"line":143},"7":{"name":"(anonymous_7)","decl":{"start":{"line":152,"column":2},"end":{"line":152,"column":21}},"loc":{"start":{"line":152,"column":45},"end":{"line":157,"column":null}},"line":152},"8":{"name":"(anonymous_8)","decl":{"start":{"line":162,"column":2},"end":{"line":162,"column":18}},"loc":{"start":{"line":162,"column":42},"end":{"line":167,"column":null}},"line":162},"9":{"name":"(anonymous_9)","decl":{"start":{"line":172,"column":2},"end":{"line":172,"column":24}},"loc":{"start":{"line":172,"column":64},"end":{"line":179,"column":null}},"line":172},"10":{"name":"(anonymous_10)","decl":{"start":{"line":184,"column":2},"end":{"line":184,"column":22}},"loc":{"start":{"line":184,"column":66},"end":{"line":191,"column":null}},"line":184},"11":{"name":"(anonymous_11)","decl":{"start":{"line":196,"column":2},"end":{"line":196,"column":24}},"loc":{"start":{"line":196,"column":48},"end":{"line":201,"column":null}},"line":196},"12":{"name":"(anonymous_12)","decl":{"start":{"line":206,"column":2},"end":{"line":206,"column":36}},"loc":{"start":{"line":206,"column":60},"end":{"line":217,"column":null}},"line":206},"13":{"name":"handleError","decl":{"start":{"line":227,"column":16},"end":{"line":227,"column":28}},"loc":{"start":{"line":227,"column":76},"end":{"line":229,"column":null}},"line":227},"14":{"name":"handleNetworkError","decl":{"start":{"line":234,"column":16},"end":{"line":234,"column":35}},"loc":{"start":{"line":234,"column":59},"end":{"line":236,"column":null}},"line":234},"15":{"name":"handleAuthError","decl":{"start":{"line":241,"column":16},"end":{"line":241,"column":32}},"loc":{"start":{"line":241,"column":56},"end":{"line":243,"column":null}},"line":241},"16":{"name":"handleValidationError","decl":{"start":{"line":248,"column":16},"end":{"line":248,"column":38}},"loc":{"start":{"line":248,"column":78},"end":{"line":250,"column":null}},"line":248},"17":{"name":"handleDatabaseError","decl":{"start":{"line":255,"column":16},"end":{"line":255,"column":36}},"loc":{"start":{"line":255,"column":80},"end":{"line":257,"column":null}},"line":255},"18":{"name":"handlePermissionError","decl":{"start":{"line":262,"column":16},"end":{"line":262,"column":38}},"loc":{"start":{"line":262,"column":62},"end":{"line":264,"column":null}},"line":262},"19":{"name":"handleSystemCommentProtectedError","decl":{"start":{"line":269,"column":16},"end":{"line":269,"column":50}},"loc":{"start":{"line":269,"column":74},"end":{"line":271,"column":null}},"line":269},"20":{"name":"initializeErrorHandler","decl":{"start":{"line":277,"column":16},"end":{"line":277,"column":39}},"loc":{"start":{"line":277,"column":129},"end":{"line":279,"column":null}},"line":277},"21":{"name":"getRecentErrors","decl":{"start":{"line":284,"column":16},"end":{"line":284,"column":32}},"loc":{"start":{"line":284,"column":60},"end":{"line":286,"column":null}},"line":284},"22":{"name":"clearErrorLogs","decl":{"start":{"line":291,"column":16},"end":{"line":291,"column":39}},"loc":{"start":{"line":291,"column":39},"end":{"line":293,"column":null}},"line":291}},"branchMap":{"0":{"loc":{"start":{"line":32,"column":4},"end":{"line":34,"column":null}},"type":"if","locations":[{"start":{"line":32,"column":4},"end":{"line":34,"column":null}},{"start":{},"end":{}}],"line":32},"1":{"loc":{"start":{"line":51,"column":25},"end":{"line":51,"column":61}},"type":"default-arg","locations":[{"start":{"line":51,"column":49},"end":{"line":51,"column":61}}],"line":51},"2":{"loc":{"start":{"line":53,"column":6},"end":{"line":53,"column":null}},"type":"default-arg","locations":[{"start":{"line":53,"column":20},"end":{"line":53,"column":null}}],"line":53},"3":{"loc":{"start":{"line":54,"column":6},"end":{"line":54,"column":null}},"type":"default-arg","locations":[{"start":{"line":54,"column":21},"end":{"line":54,"column":null}}],"line":54},"4":{"loc":{"start":{"line":55,"column":6},"end":{"line":55,"column":null}},"type":"default-arg","locations":[{"start":{"line":55,"column":18},"end":{"line":55,"column":null}}],"line":55},"5":{"loc":{"start":{"line":56,"column":6},"end":{"line":56,"column":null}},"type":"default-arg","locations":[{"start":{"line":56,"column":16},"end":{"line":56,"column":null}}],"line":56},"6":{"loc":{"start":{"line":64,"column":4},"end":{"line":72,"column":null}},"type":"if","locations":[{"start":{"line":64,"column":4},"end":{"line":72,"column":null}},{"start":{"line":67,"column":4},"end":{"line":72,"column":null}}],"line":64},"7":{"loc":{"start":{"line":65,"column":21},"end":{"line":65,"column":null}},"type":"binary-expr","locations":[{"start":{"line":65,"column":21},"end":{"line":65,"column":36}},{"start":{"line":65,"column":36},"end":{"line":65,"column":null}}],"line":65},"8":{"loc":{"start":{"line":67,"column":4},"end":{"line":72,"column":null}},"type":"if","locations":[{"start":{"line":67,"column":4},"end":{"line":72,"column":null}},{"start":{"line":70,"column":4},"end":{"line":72,"column":null}}],"line":67},"9":{"loc":{"start":{"line":68,"column":21},"end":{"line":68,"column":null}},"type":"binary-expr","locations":[{"start":{"line":68,"column":21},"end":{"line":68,"column":36}},{"start":{"line":68,"column":36},"end":{"line":68,"column":null}}],"line":68},"10":{"loc":{"start":{"line":70,"column":4},"end":{"line":72,"column":null}},"type":"if","locations":[{"start":{"line":70,"column":4},"end":{"line":72,"column":null}},{"start":{},"end":{}}],"line":70},"11":{"loc":{"start":{"line":71,"column":21},"end":{"line":71,"column":null}},"type":"binary-expr","locations":[{"start":{"line":71,"column":21},"end":{"line":71,"column":36}},{"start":{"line":71,"column":36},"end":{"line":71,"column":null}}],"line":71},"12":{"loc":{"start":{"line":85,"column":4},"end":{"line":87,"column":null}},"type":"if","locations":[{"start":{"line":85,"column":4},"end":{"line":87,"column":null}},{"start":{},"end":{}}],"line":85},"13":{"loc":{"start":{"line":90,"column":4},"end":{"line":100,"column":null}},"type":"if","locations":[{"start":{"line":90,"column":4},"end":{"line":100,"column":null}},{"start":{},"end":{}}],"line":90},"14":{"loc":{"start":{"line":90,"column":8},"end":{"line":90,"column":45}},"type":"binary-expr","locations":[{"start":{"line":90,"column":8},"end":{"line":90,"column":24}},{"start":{"line":90,"column":24},"end":{"line":90,"column":45}}],"line":90},"15":{"loc":{"start":{"line":93,"column":6},"end":{"line":95,"column":null}},"type":"if","locations":[{"start":{"line":93,"column":6},"end":{"line":95,"column":null}},{"start":{},"end":{}}],"line":93},"16":{"loc":{"start":{"line":96,"column":6},"end":{"line":98,"column":null}},"type":"if","locations":[{"start":{"line":96,"column":6},"end":{"line":98,"column":null}},{"start":{},"end":{}}],"line":96},"17":{"loc":{"start":{"line":103,"column":4},"end":{"line":105,"column":null}},"type":"if","locations":[{"start":{"line":103,"column":4},"end":{"line":105,"column":null}},{"start":{},"end":{}}],"line":103},"18":{"loc":{"start":{"line":103,"column":8},"end":{"line":103,"column":41}},"type":"binary-expr","locations":[{"start":{"line":103,"column":8},"end":{"line":103,"column":21}},{"start":{"line":103,"column":21},"end":{"line":103,"column":41}}],"line":103},"19":{"loc":{"start":{"line":108,"column":4},"end":{"line":110,"column":null}},"type":"if","locations":[{"start":{"line":108,"column":4},"end":{"line":110,"column":null}},{"start":{},"end":{}}],"line":108},"20":{"loc":{"start":{"line":120,"column":4},"end":{"line":128,"column":null}},"type":"if","locations":[{"start":{"line":120,"column":4},"end":{"line":128,"column":null}},{"start":{},"end":{}}],"line":120},"21":{"loc":{"start":{"line":120,"column":8},"end":{"line":120,"column":89}},"type":"binary-expr","locations":[{"start":{"line":120,"column":8},"end":{"line":120,"column":32}},{"start":{"line":120,"column":32},"end":{"line":120,"column":66}},{"start":{"line":120,"column":66},"end":{"line":120,"column":89}}],"line":120},"22":{"loc":{"start":{"line":136,"column":18},"end":{"line":136,"column":42}},"type":"default-arg","locations":[{"start":{"line":136,"column":26},"end":{"line":136,"column":42}}],"line":136},"23":{"loc":{"start":{"line":174,"column":19},"end":{"line":176,"column":null}},"type":"cond-expr","locations":[{"start":{"line":175,"column":10},"end":{"line":175,"column":null}},{"start":{"line":176,"column":10},"end":{"line":176,"column":null}}],"line":174},"24":{"loc":{"start":{"line":186,"column":19},"end":{"line":188,"column":null}},"type":"cond-expr","locations":[{"start":{"line":187,"column":10},"end":{"line":187,"column":null}},{"start":{"line":188,"column":10},"end":{"line":188,"column":null}}],"line":186},"25":{"loc":{"start":{"line":207,"column":4},"end":{"line":212,"column":null}},"type":"if","locations":[{"start":{"line":207,"column":4},"end":{"line":212,"column":null}},{"start":{},"end":{}}],"line":207}},"s":{"0":3,"1":3,"2":3,"3":3,"4":3,"5":3,"6":21,"7":177,"8":177,"9":177,"10":0,"11":0,"12":177,"13":175,"14":175,"15":2,"16":1,"17":177,"18":177,"19":177,"20":50,"21":177,"22":176,"23":176,"24":176,"25":13,"26":176,"27":174,"28":176,"29":177,"30":15,"31":177,"32":0,"33":177,"34":0,"35":0,"36":0,"37":5,"38":21,"39":1,"40":1,"41":4,"42":5,"43":1,"44":0,"45":0,"46":0,"47":3,"48":165,"49":1,"50":1,"51":4,"52":5,"53":1,"54":0,"55":20,"56":5,"57":21},"f":{"0":3,"1":3,"2":21,"3":177,"4":0,"5":5,"6":21,"7":1,"8":1,"9":4,"10":5,"11":1,"12":0,"13":165,"14":1,"15":1,"16":4,"17":5,"18":1,"19":0,"20":20,"21":5,"22":21},"b":{"0":[3,0],"1":[177],"2":[177],"3":[177],"4":[177],"5":[177],"6":[0,177],"7":[0,0],"8":[175,2],"9":[175,0],"10":[1,1],"11":[1,0],"12":[50,127],"13":[176,1],"14":[177,176],"15":[13,163],"16":[174,2],"17":[15,162],"18":[177,21],"19":[0,177],"20":[0,0],"21":[0,0,0],"22":[5],"23":[2,2],"24":[4,1],"25":[0,0]},"meta":{"lastBranch":26,"lastFunction":23,"lastStatement":58,"seen":{"s:25:110:25:Infinity":0,"s:26:34:26:Infinity":1,"s:27:20:27:Infinity":2,"f:29:10:29:24":0,"f:31:9:31:37":1,"b:32:4:34:Infinity:undefined:undefined:undefined:undefined":0,"s:32:4:34:Infinity":3,"s:33:6:33:Infinity":4,"s:35:4:35:Infinity":5,"f:41:2:41:19":2,"s:42:4:42:Infinity":6,"f:51:2:51:9":3,"b:51:49:51:61":1,"s:57:8:57:Infinity":7,"b:53:20:53:Infinity":2,"b:54:21:54:Infinity":3,"b:55:18:55:Infinity":4,"b:56:16:56:Infinity":5,"s:60:23:60:Infinity":8,"b:64:4:72:Infinity:67:4:72:Infinity":6,"s:64:4:72:Infinity":9,"s:65:6:65:Infinity":10,"b:65:21:65:36:65:36:65:Infinity":7,"s:66:6:66:Infinity":11,"b:67:4:72:Infinity:70:4:72:Infinity":8,"s:67:4:72:Infinity":12,"s:68:6:68:Infinity":13,"b:68:21:68:36:68:36:68:Infinity":9,"s:69:6:69:Infinity":14,"b:70:4:72:Infinity:undefined:undefined:undefined:undefined":10,"s:70:4:72:Infinity":15,"s:71:6:71:Infinity":16,"b:71:21:71:36:71:36:71:Infinity":11,"s:75:31:81:Infinity":17,"s:84:4:84:Infinity":18,"b:85:4:87:Infinity:undefined:undefined:undefined:undefined":12,"s:85:4:87:Infinity":19,"s:86:6:86:Infinity":20,"b:90:4:100:Infinity:undefined:undefined:undefined:undefined":13,"s:90:4:100:Infinity":21,"b:90:8:90:24:90:24:90:45":14,"s:91:6:91:Infinity":22,"s:92:6:92:Infinity":23,"b:93:6:95:Infinity:undefined:undefined:undefined:undefined":15,"s:93:6:95:Infinity":24,"s:94:8:94:Infinity":25,"b:96:6:98:Infinity:undefined:undefined:undefined:undefined":16,"s:96:6:98:Infinity":26,"s:97:8:97:Infinity":27,"s:99:6:99:Infinity":28,"b:103:4:105:Infinity:undefined:undefined:undefined:undefined":17,"s:103:4:105:Infinity":29,"b:103:8:103:21:103:21:103:41":18,"s:104:6:104:Infinity":30,"b:108:4:110:Infinity:undefined:undefined:undefined:undefined":19,"s:108:4:110:Infinity":31,"s:109:6:109:Infinity":32,"s:112:4:112:Infinity":33,"f:119:10:119:30":4,"b:120:4:128:Infinity:undefined:undefined:undefined:undefined":20,"s:120:4:128:Infinity":34,"b:120:8:120:32:120:32:120:66:120:66:120:89":21,"s:121:22:121:Infinity":35,"s:122:6:127:Infinity":36,"f:136:2:136:18":5,"b:136:26:136:42":22,"s:137:4:137:Infinity":37,"f:143:2:143:20":6,"s:144:4:144:Infinity":38,"f:152:2:152:21":7,"s:153:4:156:Infinity":39,"f:162:2:162:18":8,"s:163:4:166:Infinity":40,"f:172:2:172:24":9,"s:173:4:178:Infinity":41,"b:175:10:175:Infinity:176:10:176:Infinity":23,"f:184:2:184:22":10,"s:185:4:190:Infinity":42,"b:187:10:187:Infinity:188:10:188:Infinity":24,"f:196:2:196:24":11,"s:197:4:200:Infinity":43,"f:206:2:206:36":12,"b:207:4:212:Infinity:undefined:undefined:undefined:undefined":25,"s:207:4:212:Infinity":44,"s:208:6:211:Infinity":45,"s:213:4:216:Infinity":46,"s:220:28:220:Infinity":47,"f:227:16:227:28":13,"s:228:2:228:Infinity":48,"f:234:16:234:35":14,"s:235:2:235:Infinity":49,"f:241:16:241:32":15,"s:242:2:242:Infinity":50,"f:248:16:248:38":16,"s:249:2:249:Infinity":51,"f:255:16:255:36":17,"s:256:2:256:Infinity":52,"f:262:16:262:38":18,"s:263:2:263:Infinity":53,"f:269:16:269:50":19,"s:270:2:270:Infinity":54,"f:277:16:277:39":20,"s:278:2:278:Infinity":55,"f:284:16:284:32":21,"s:285:2:285:Infinity":56,"f:291:16:291:39":22,"s:292:2:292:Infinity":57}}}
,"C:\\Users\\lenovo\\OneDrive\\Documents\\WFM\\src\\lib\\supabase.ts": {"path":"C:\\Users\\lenovo\\OneDrive\\Documents\\WFM\\src\\lib\\supabase.ts","statementMap":{"0":{"start":{"line":3,"column":20},"end":{"line":3,"column":null}},"1":{"start":{"line":4,"column":24},"end":{"line":4,"column":null}},"2":{"start":{"line":6,"column":0},"end":{"line":8,"column":null}},"3":{"start":{"line":7,"column":2},"end":{"line":7,"column":null}},"4":{"start":{"line":10,"column":13},"end":{"line":10,"column":null}}},"fnMap":{},"branchMap":{"0":{"loc":{"start":{"line":6,"column":0},"end":{"line":8,"column":null}},"type":"if","locations":[{"start":{"line":6,"column":0},"end":{"line":8,"column":null}},{"start":{},"end":{}}],"line":6},"1":{"loc":{"start":{"line":6,"column":4},"end":{"line":6,"column":38}},"type":"binary-expr","locations":[{"start":{"line":6,"column":4},"end":{"line":6,"column":20}},{"start":{"line":6,"column":20},"end":{"line":6,"column":38}}],"line":6}},"s":{"0":1,"1":1,"2":1,"3":0,"4":1},"f":{},"b":{"0":[0,1],"1":[1,1]},"meta":{"lastBranch":2,"lastFunction":0,"lastStatement":5,"seen":{"s:3:20:3:Infinity":0,"s:4:24:4:Infinity":1,"b:6:0:8:Infinity:undefined:undefined:undefined:undefined":0,"s:6:0:8:Infinity":2,"b:6:4:6:20:6:20:6:38":1,"s:7:2:7:Infinity":3,"s:10:13:10:Infinity":4}}}
,"C:\\Users\\lenovo\\OneDrive\\Documents\\WFM\\src\\services\\authService.ts": {"path":"C:\\Users\\lenovo\\OneDrive\\Documents\\WFM\\src\\services\\authService.ts","statementMap":{"0":{"start":{"line":6,"column":27},"end":{"line":99,"column":null}},"1":{"start":{"line":11,"column":28},"end":{"line":17,"column":null}},"2":{"start":{"line":19,"column":4},"end":{"line":19,"column":null}},"3":{"start":{"line":19,"column":15},"end":{"line":19,"column":null}},"4":{"start":{"line":20,"column":4},"end":{"line":20,"column":null}},"5":{"start":{"line":27,"column":28},"end":{"line":30,"column":null}},"6":{"start":{"line":32,"column":4},"end":{"line":32,"column":null}},"7":{"start":{"line":32,"column":15},"end":{"line":32,"column":null}},"8":{"start":{"line":33,"column":4},"end":{"line":33,"column":null}},"9":{"start":{"line":40,"column":22},"end":{"line":40,"column":null}},"10":{"start":{"line":41,"column":4},"end":{"line":41,"column":null}},"11":{"start":{"line":41,"column":15},"end":{"line":41,"column":null}},"12":{"start":{"line":48,"column":28},"end":{"line":48,"column":null}},"13":{"start":{"line":49,"column":4},"end":{"line":49,"column":null}},"14":{"start":{"line":49,"column":15},"end":{"line":49,"column":null}},"15":{"start":{"line":50,"column":4},"end":{"line":50,"column":null}},"16":{"start":{"line":57,"column":28},"end":{"line":61,"column":null}},"17":{"start":{"line":63,"column":4},"end":{"line":63,"column":null}},"18":{"start":{"line":63,"column":15},"end":{"line":63,"column":null}},"19":{"start":{"line":64,"column":4},"end":{"line":64,"column":null}},"20":{"start":{"line":71,"column":28},"end":{"line":76,"column":null}},"21":{"start":{"line":78,"column":4},"end":{"line":78,"column":null}},"22":{"start":{"line":78,"column":15},"end":{"line":78,"column":null}},"23":{"start":{"line":79,"column":4},"end":{"line":79,"column":null}},"24":{"start":{"line":86,"column":21},"end":{"line":86,"column":null}},"25":{"start":{"line":87,"column":4},"end":{"line":87,"column":null}},"26":{"start":{"line":87,"column":15},"end":{"line":87,"column":null}},"27":{"start":{"line":94,"column":22},"end":{"line":96,"column":null}},"28":{"start":{"line":97,"column":4},"end":{"line":97,"column":null}},"29":{"start":{"line":97,"column":15},"end":{"line":97,"column":null}}},"fnMap":{"0":{"name":"(anonymous_0)","decl":{"start":{"line":10,"column":8},"end":{"line":10,"column":15}},"loc":{"start":{"line":10,"column":62},"end":{"line":21,"column":null}},"line":10},"1":{"name":"(anonymous_1)","decl":{"start":{"line":26,"column":8},"end":{"line":26,"column":15}},"loc":{"start":{"line":26,"column":48},"end":{"line":34,"column":null}},"line":26},"2":{"name":"(anonymous_2)","decl":{"start":{"line":39,"column":8},"end":{"line":39,"column":18}},"loc":{"start":{"line":39,"column":18},"end":{"line":42,"column":null}},"line":39},"3":{"name":"(anonymous_3)","decl":{"start":{"line":47,"column":8},"end":{"line":47,"column":21}},"loc":{"start":{"line":47,"column":21},"end":{"line":51,"column":null}},"line":47},"4":{"name":"(anonymous_4)","decl":{"start":{"line":56,"column":8},"end":{"line":56,"column":23}},"loc":{"start":{"line":56,"column":54},"end":{"line":65,"column":null}},"line":56},"5":{"name":"(anonymous_5)","decl":{"start":{"line":70,"column":8},"end":{"line":70,"column":26}},"loc":{"start":{"line":70,"column":66},"end":{"line":80,"column":null}},"line":70},"6":{"name":"(anonymous_6)","decl":{"start":{"line":85,"column":8},"end":{"line":85,"column":22}},"loc":{"start":{"line":85,"column":37},"end":{"line":88,"column":null}},"line":85},"7":{"name":"(anonymous_7)","decl":{"start":{"line":93,"column":8},"end":{"line":93,"column":23}},"loc":{"start":{"line":93,"column":44},"end":{"line":98,"column":null}},"line":93}},"branchMap":{"0":{"loc":{"start":{"line":19,"column":4},"end":{"line":19,"column":null}},"type":"if","locations":[{"start":{"line":19,"column":4},"end":{"line":19,"column":null}},{"start":{},"end":{}}],"line":19},"1":{"loc":{"start":{"line":32,"column":4},"end":{"line":32,"column":null}},"type":"if","locations":[{"start":{"line":32,"column":4},"end":{"line":32,"column":null}},{"start":{},"end":{}}],"line":32},"2":{"loc":{"start":{"line":41,"column":4},"end":{"line":41,"column":null}},"type":"if","locations":[{"start":{"line":41,"column":4},"end":{"line":41,"column":null}},{"start":{},"end":{}}],"line":41},"3":{"loc":{"start":{"line":49,"column":4},"end":{"line":49,"column":null}},"type":"if","locations":[{"start":{"line":49,"column":4},"end":{"line":49,"column":null}},{"start":{},"end":{}}],"line":49},"4":{"loc":{"start":{"line":63,"column":4},"end":{"line":63,"column":null}},"type":"if","locations":[{"start":{"line":63,"column":4},"end":{"line":63,"column":null}},{"start":{},"end":{}}],"line":63},"5":{"loc":{"start":{"line":78,"column":4},"end":{"line":78,"column":null}},"type":"if","locations":[{"start":{"line":78,"column":4},"end":{"line":78,"column":null}},{"start":{},"end":{}}],"line":78},"6":{"loc":{"start":{"line":87,"column":4},"end":{"line":87,"column":null}},"type":"if","locations":[{"start":{"line":87,"column":4},"end":{"line":87,"column":null}},{"start":{},"end":{}}],"line":87},"7":{"loc":{"start":{"line":97,"column":4},"end":{"line":97,"column":null}},"type":"if","locations":[{"start":{"line":97,"column":4},"end":{"line":97,"column":null}},{"start":{},"end":{}}],"line":97}},"s":{"0":2,"1":4,"2":4,"3":3,"4":1,"5":3,"6":3,"7":2,"8":1,"9":2,"10":2,"11":1,"12":3,"13":3,"14":1,"15":2,"16":3,"17":3,"18":2,"19":1,"20":3,"21":3,"22":1,"23":2,"24":3,"25":3,"26":2,"27":3,"28":3,"29":2},"f":{"0":4,"1":3,"2":2,"3":3,"4":3,"5":3,"6":3,"7":3},"b":{"0":[3,1],"1":[2,1],"2":[1,1],"3":[1,2],"4":[2,1],"5":[1,2],"6":[2,1],"7":[2,1]},"meta":{"lastBranch":8,"lastFunction":8,"lastStatement":30,"seen":{"s:6:27:99:Infinity":0,"f:10:8:10:15":0,"s:11:28:17:Infinity":1,"b:19:4:19:Infinity:undefined:undefined:undefined:undefined":0,"s:19:4:19:Infinity":2,"s:19:15:19:Infinity":3,"s:20:4:20:Infinity":4,"f:26:8:26:15":1,"s:27:28:30:Infinity":5,"b:32:4:32:Infinity:undefined:undefined:undefined:undefined":1,"s:32:4:32:Infinity":6,"s:32:15:32:Infinity":7,"s:33:4:33:Infinity":8,"f:39:8:39:18":2,"s:40:22:40:Infinity":9,"b:41:4:41:Infinity:undefined:undefined:undefined:undefined":2,"s:41:4:41:Infinity":10,"s:41:15:41:Infinity":11,"f:47:8:47:21":3,"s:48:28:48:Infinity":12,"b:49:4:49:Infinity:undefined:undefined:undefined:undefined":3,"s:49:4:49:Infinity":13,"s:49:15:49:Infinity":14,"s:50:4:50:Infinity":15,"f:56:8:56:23":4,"s:57:28:61:Infinity":16,"b:63:4:63:Infinity:undefined:undefined:undefined:undefined":4,"s:63:4:63:Infinity":17,"s:63:15:63:Infinity":18,"s:64:4:64:Infinity":19,"f:70:8:70:26":5,"s:71:28:76:Infinity":20,"b:78:4:78:Infinity:undefined:undefined:undefined:undefined":5,"s:78:4:78:Infinity":21,"s:78:15:78:Infinity":22,"s:79:4:79:Infinity":23,"f:85:8:85:22":6,"s:86:21:86:Infinity":24,"b:87:4:87:Infinity:undefined:undefined:undefined:undefined":6,"s:87:4:87:Infinity":25,"s:87:15:87:Infinity":26,"f:93:8:93:23":7,"s:94:22:96:Infinity":27,"b:97:4:97:Infinity:undefined:undefined:undefined:undefined":7,"s:97:4:97:Infinity":28,"s:97:15:97:Infinity":29}}}
,"C:\\Users\\lenovo\\OneDrive\\Documents\\WFM\\src\\services\\commentsService.ts": {"path":"C:\\Users\\lenovo\\OneDrive\\Documents\\WFM\\src\\services\\commentsService.ts","statementMap":{"0":{"start":{"line":8,"column":31},"end":{"line":114,"column":null}},"1":{"start":{"line":13,"column":28},"end":{"line":18,"column":null}},"2":{"start":{"line":20,"column":4},"end":{"line":20,"column":null}},"3":{"start":{"line":20,"column":15},"end":{"line":20,"column":null}},"4":{"start":{"line":21,"column":4},"end":{"line":21,"column":null}},"5":{"start":{"line":28,"column":28},"end":{"line":32,"column":null}},"6":{"start":{"line":34,"column":4},"end":{"line":34,"column":null}},"7":{"start":{"line":34,"column":15},"end":{"line":34,"column":null}},"8":{"start":{"line":35,"column":4},"end":{"line":35,"column":null}},"9":{"start":{"line":42,"column":28},"end":{"line":52,"column":null}},"10":{"start":{"line":54,"column":4},"end":{"line":54,"column":null}},"11":{"start":{"line":54,"column":15},"end":{"line":54,"column":null}},"12":{"start":{"line":55,"column":4},"end":{"line":55,"column":null}},"13":{"start":{"line":64,"column":49},"end":{"line":68,"column":null}},"14":{"start":{"line":70,"column":4},"end":{"line":70,"column":null}},"15":{"start":{"line":70,"column":20},"end":{"line":70,"column":null}},"16":{"start":{"line":73,"column":4},"end":{"line":75,"column":null}},"17":{"start":{"line":74,"column":6},"end":{"line":74,"column":null}},"18":{"start":{"line":77,"column":22},"end":{"line":80,"column":null}},"19":{"start":{"line":82,"column":4},"end":{"line":82,"column":null}},"20":{"start":{"line":82,"column":15},"end":{"line":82,"column":null}},"21":{"start":{"line":91,"column":49},"end":{"line":95,"column":null}},"22":{"start":{"line":97,"column":4},"end":{"line":97,"column":null}},"23":{"start":{"line":97,"column":20},"end":{"line":97,"column":null}},"24":{"start":{"line":100,"column":4},"end":{"line":102,"column":null}},"25":{"start":{"line":101,"column":6},"end":{"line":101,"column":null}},"26":{"start":{"line":104,"column":28},"end":{"line":109,"column":null}},"27":{"start":{"line":111,"column":4},"end":{"line":111,"column":null}},"28":{"start":{"line":111,"column":15},"end":{"line":111,"column":null}},"29":{"start":{"line":112,"column":4},"end":{"line":112,"column":null}}},"fnMap":{"0":{"name":"(anonymous_0)","decl":{"start":{"line":12,"column":8},"end":{"line":12,"column":20}},"loc":{"start":{"line":12,"column":85},"end":{"line":22,"column":null}},"line":12},"1":{"name":"(anonymous_1)","decl":{"start":{"line":27,"column":8},"end":{"line":27,"column":22}},"loc":{"start":{"line":27,"column":85},"end":{"line":36,"column":null}},"line":27},"2":{"name":"(anonymous_2)","decl":{"start":{"line":41,"column":8},"end":{"line":41,"column":28}},"loc":{"start":{"line":41,"column":124},"end":{"line":56,"column":null}},"line":41},"3":{"name":"(anonymous_3)","decl":{"start":{"line":62,"column":8},"end":{"line":62,"column":22}},"loc":{"start":{"line":62,"column":56},"end":{"line":83,"column":null}},"line":62},"4":{"name":"(anonymous_4)","decl":{"start":{"line":89,"column":8},"end":{"line":89,"column":22}},"loc":{"start":{"line":89,"column":76},"end":{"line":113,"column":null}},"line":89}},"branchMap":{"0":{"loc":{"start":{"line":20,"column":4},"end":{"line":20,"column":null}},"type":"if","locations":[{"start":{"line":20,"column":4},"end":{"line":20,"column":null}},{"start":{},"end":{}}],"line":20},"1":{"loc":{"start":{"line":34,"column":4},"end":{"line":34,"column":null}},"type":"if","locations":[{"start":{"line":34,"column":4},"end":{"line":34,"column":null}},{"start":{},"end":{}}],"line":34},"2":{"loc":{"start":{"line":54,"column":4},"end":{"line":54,"column":null}},"type":"if","locations":[{"start":{"line":54,"column":4},"end":{"line":54,"column":null}},{"start":{},"end":{}}],"line":54},"3":{"loc":{"start":{"line":70,"column":4},"end":{"line":70,"column":null}},"type":"if","locations":[{"start":{"line":70,"column":4},"end":{"line":70,"column":null}},{"start":{},"end":{}}],"line":70},"4":{"loc":{"start":{"line":73,"column":4},"end":{"line":75,"column":null}},"type":"if","locations":[{"start":{"line":73,"column":4},"end":{"line":75,"column":null}},{"start":{},"end":{}}],"line":73},"5":{"loc":{"start":{"line":82,"column":4},"end":{"line":82,"column":null}},"type":"if","locations":[{"start":{"line":82,"column":4},"end":{"line":82,"column":null}},{"start":{},"end":{}}],"line":82},"6":{"loc":{"start":{"line":97,"column":4},"end":{"line":97,"column":null}},"type":"if","locations":[{"start":{"line":97,"column":4},"end":{"line":97,"column":null}},{"start":{},"end":{}}],"line":97},"7":{"loc":{"start":{"line":100,"column":4},"end":{"line":102,"column":null}},"type":"if","locations":[{"start":{"line":100,"column":4},"end":{"line":102,"column":null}},{"start":{},"end":{}}],"line":100},"8":{"loc":{"start":{"line":111,"column":4},"end":{"line":111,"column":null}},"type":"if","locations":[{"start":{"line":111,"column":4},"end":{"line":111,"column":null}},{"start":{},"end":{}}],"line":111}},"s":{"0":2,"1":2,"2":2,"3":1,"4":1,"5":2,"6":2,"7":1,"8":1,"9":2,"10":2,"11":1,"12":1,"13":4,"14":4,"15":1,"16":3,"17":1,"18":2,"19":2,"20":1,"21":4,"22":4,"23":1,"24":3,"25":1,"26":2,"27":2,"28":1,"29":1},"f":{"0":2,"1":2,"2":2,"3":4,"4":4},"b":{"0":[1,1],"1":[1,1],"2":[1,1],"3":[1,3],"4":[1,2],"5":[1,1],"6":[1,3],"7":[1,2],"8":[1,1]},"meta":{"lastBranch":9,"lastFunction":5,"lastStatement":30,"seen":{"s:8:31:114:Infinity":0,"f:12:8:12:20":0,"s:13:28:18:Infinity":1,"b:20:4:20:Infinity:undefined:undefined:undefined:undefined":0,"s:20:4:20:Infinity":2,"s:20:15:20:Infinity":3,"s:21:4:21:Infinity":4,"f:27:8:27:22":1,"s:28:28:32:Infinity":5,"b:34:4:34:Infinity:undefined:undefined:undefined:undefined":1,"s:34:4:34:Infinity":6,"s:34:15:34:Infinity":7,"s:35:4:35:Infinity":8,"f:41:8:41:28":2,"s:42:28:52:Infinity":9,"b:54:4:54:Infinity:undefined:undefined:undefined:undefined":2,"s:54:4:54:Infinity":10,"s:54:15:54:Infinity":11,"s:55:4:55:Infinity":12,"f:62:8:62:22":3,"s:64:49:68:Infinity":13,"b:70:4:70:Infinity:undefined:undefined:undefined:undefined":3,"s:70:4:70:Infinity":14,"s:70:20:70:Infinity":15,"b:73:4:75:Infinity:undefined:undefined:undefined:undefined":4,"s:73:4:75:Infinity":16,"s:74:6:74:Infinity":17,"s:77:22:80:Infinity":18,"b:82:4:82:Infinity:undefined:undefined:undefined:undefined":5,"s:82:4:82:Infinity":19,"s:82:15:82:Infinity":20,"f:89:8:89:22":4,"s:91:49:95:Infinity":21,"b:97:4:97:Infinity:undefined:undefined:undefined:undefined":6,"s:97:4:97:Infinity":22,"s:97:20:97:Infinity":23,"b:100:4:102:Infinity:undefined:undefined:undefined:undefined":7,"s:100:4:102:Infinity":24,"s:101:6:101:Infinity":25,"s:104:28:109:Infinity":26,"b:111:4:111:Infinity:undefined:undefined:undefined:undefined":8,"s:111:4:111:Infinity":27,"s:111:15:111:Infinity":28,"s:112:4:112:Infinity":29}}}
,"C:\\Users\\lenovo\\OneDrive\\Documents\\WFM\\src\\services\\headcountService.ts": {"path":"C:\\Users\\lenovo\\OneDrive\\Documents\\WFM\\src\\services\\headcountService.ts","statementMap":{"0":{"start":{"line":8,"column":32},"end":{"line":182,"column":null}},"1":{"start":{"line":19,"column":27},"end":{"line":22,"column":null}},"2":{"start":{"line":25,"column":16},"end":{"line":29,"column":null}},"3":{"start":{"line":32,"column":4},"end":{"line":34,"column":null}},"4":{"start":{"line":33,"column":6},"end":{"line":33,"column":null}},"5":{"start":{"line":36,"column":28},"end":{"line":36,"column":null}},"6":{"start":{"line":38,"column":4},"end":{"line":38,"column":null}},"7":{"start":{"line":38,"column":15},"end":{"line":38,"column":null}},"8":{"start":{"line":41,"column":20},"end":{"line":41,"column":null}},"9":{"start":{"line":42,"column":18},"end":{"line":42,"column":null}},"10":{"start":{"line":45,"column":23},"end":{"line":47,"column":null}},"11":{"start":{"line":49,"column":4},"end":{"line":53,"column":null}},"12":{"start":{"line":60,"column":28},"end":{"line":63,"column":null}},"13":{"start":{"line":65,"column":4},"end":{"line":65,"column":null}},"14":{"start":{"line":65,"column":15},"end":{"line":65,"column":null}},"15":{"start":{"line":66,"column":4},"end":{"line":66,"column":null}},"16":{"start":{"line":73,"column":28},"end":{"line":77,"column":null}},"17":{"start":{"line":79,"column":4},"end":{"line":79,"column":null}},"18":{"start":{"line":79,"column":15},"end":{"line":79,"column":null}},"19":{"start":{"line":80,"column":4},"end":{"line":80,"column":null}},"20":{"start":{"line":88,"column":49},"end":{"line":88,"column":null}},"21":{"start":{"line":89,"column":52},"end":{"line":89,"column":null}},"22":{"start":{"line":91,"column":23},"end":{"line":91,"column":null}},"23":{"start":{"line":92,"column":26},"end":{"line":92,"column":null}},"24":{"start":{"line":94,"column":4},"end":{"line":100,"column":null}},"25":{"start":{"line":95,"column":6},"end":{"line":99,"column":null}},"26":{"start":{"line":96,"column":8},"end":{"line":96,"column":null}},"27":{"start":{"line":97,"column":6},"end":{"line":99,"column":null}},"28":{"start":{"line":98,"column":8},"end":{"line":98,"column":null}},"29":{"start":{"line":103,"column":4},"end":{"line":110,"column":null}},"30":{"start":{"line":104,"column":24},"end":{"line":107,"column":null}},"31":{"start":{"line":109,"column":6},"end":{"line":109,"column":null}},"32":{"start":{"line":109,"column":17},"end":{"line":109,"column":null}},"33":{"start":{"line":113,"column":4},"end":{"line":121,"column":null}},"34":{"start":{"line":114,"column":6},"end":{"line":114,"column":null}},"35":{"start":{"line":116,"column":24},"end":{"line":118,"column":null}},"36":{"start":{"line":120,"column":6},"end":{"line":120,"column":null}},"37":{"start":{"line":120,"column":17},"end":{"line":120,"column":null}},"38":{"start":{"line":128,"column":28},"end":{"line":132,"column":null}},"39":{"start":{"line":134,"column":4},"end":{"line":134,"column":null}},"40":{"start":{"line":134,"column":15},"end":{"line":134,"column":null}},"41":{"start":{"line":135,"column":4},"end":{"line":135,"column":null}},"42":{"start":{"line":142,"column":28},"end":{"line":144,"column":null}},"43":{"start":{"line":146,"column":4},"end":{"line":146,"column":null}},"44":{"start":{"line":146,"column":15},"end":{"line":146,"column":null}},"45":{"start":{"line":147,"column":4},"end":{"line":147,"column":null}},"46":{"start":{"line":154,"column":22},"end":{"line":164,"column":null}},"47":{"start":{"line":166,"column":4},"end":{"line":166,"column":null}},"48":{"start":{"line":166,"column":15},"end":{"line":166,"column":null}},"49":{"start":{"line":173,"column":28},"end":{"line":177,"column":null}},"50":{"start":{"line":179,"column":4},"end":{"line":179,"column":null}},"51":{"start":{"line":179,"column":15},"end":{"line":179,"column":null}},"52":{"start":{"line":180,"column":4},"end":{"line":180,"column":null}}},"fnMap":{"0":{"name":"(anonymous_0)","decl":{"start":{"line":14,"column":8},"end":{"line":14,"column":null}},"loc":{"start":{"line":17,"column":47},"end":{"line":54,"column":null}},"line":17},"1":{"name":"(anonymous_1)","decl":{"start":{"line":59,"column":8},"end":{"line":59,"column":49}},"loc":{"start":{"line":59,"column":49},"end":{"line":67,"column":null}},"line":59},"2":{"name":"(anonymous_2)","decl":{"start":{"line":72,"column":8},"end":{"line":72,"column":24}},"loc":{"start":{"line":72,"column":60},"end":{"line":81,"column":null}},"line":72},"3":{"name":"(anonymous_3)","decl":{"start":{"line":86,"column":8},"end":{"line":86,"column":23}},"loc":{"start":{"line":86,"column":83},"end":{"line":122,"column":null}},"line":86},"4":{"name":"(anonymous_4)","decl":{"start":{"line":94,"column":36},"end":{"line":94,"column":37}},"loc":{"start":{"line":94,"column":54},"end":{"line":100,"column":5}},"line":94},"5":{"name":"(anonymous_5)","decl":{"start":{"line":127,"column":8},"end":{"line":127,"column":48}},"loc":{"start":{"line":127,"column":48},"end":{"line":136,"column":null}},"line":127},"6":{"name":"(anonymous_6)","decl":{"start":{"line":141,"column":8},"end":{"line":141,"column":50}},"loc":{"start":{"line":141,"column":50},"end":{"line":148,"column":null}},"line":141},"7":{"name":"(anonymous_7)","decl":{"start":{"line":153,"column":8},"end":{"line":153,"column":17}},"loc":{"start":{"line":153,"column":179},"end":{"line":167,"column":null}},"line":153},"8":{"name":"(anonymous_8)","decl":{"start":{"line":172,"column":8},"end":{"line":172,"column":28}},"loc":{"start":{"line":172,"column":64},"end":{"line":181,"column":null}},"line":172}},"branchMap":{"0":{"loc":{"start":{"line":16,"column":4},"end":{"line":16,"column":null}},"type":"default-arg","locations":[{"start":{"line":16,"column":20},
[...]
umn":2},"end":{"line":30,"column":null}},"5":{"start":{"line":25,"column":4},"end":{"line":29,"column":null}},"6":{"start":{"line":42,"column":2},"end":{"line":42,"column":null}},"7":{"start":{"line":43,"column":2},"end":{"line":43,"column":null}},"8":{"start":{"line":45,"column":16},"end":{"line":45,"column":null}},"9":{"start":{"line":46,"column":14},"end":{"line":46,"column":null}},"10":{"start":{"line":48,"column":2},"end":{"line":54,"column":null}},"11":{"start":{"line":49,"column":4},"end":{"line":53,"column":null}},"12":{"start":{"line":61,"column":20},"end":{"line":61,"column":null}},"13":{"start":{"line":62,"column":2},"end":{"line":68,"column":null}},"14":{"start":{"line":63,"column":4},"end":{"line":67,"column":null}},"15":{"start":{"line":78,"column":2},"end":{"line":84,"column":null}},"16":{"start":{"line":79,"column":4},"end":{"line":83,"column":null}},"17":{"start":{"line":86,"column":2},"end":{"line":92,"column":null}},"18":{"start":{"line":87,"column":4},"end":{"line":91,"column":null}},"19":{"start":{"line":102,"column":2},"end":{"line":108,"column":null}},"20":{"start":{"line":103,"column":4},"end":{"line":107,"column":null}},"21":{"start":{"line":110,"column":2},"end":{"line":116,"column":null}},"22":{"start":{"line":111,"column":4},"end":{"line":115,"column":null}},"23":{"start":{"line":126,"column":2},"end":{"line":132,"column":null}},"24":{"start":{"line":127,"column":4},"end":{"line":131,"column":null}},"25":{"start":{"line":134,"column":2},"end":{"line":140,"column":null}},"26":{"start":{"line":135,"column":4},"end":{"line":139,"column":null}},"27":{"start":{"line":147,"column":39},"end":{"line":147,"column":null}},"28":{"start":{"line":148,"column":2},"end":{"line":154,"column":null}},"29":{"start":{"line":149,"column":4},"end":{"line":153,"column":null}},"30":{"start":{"line":161,"column":39},"end":{"line":161,"column":null}},"31":{"start":{"line":162,"column":2},"end":{"line":168,"column":null}},"32":{"start":{"line":163,"column":4},"end":{"line":167,"column":null}},"33":{"start":{"line":183,"column":2},"end":{"line":183,"column":null}},"34":{"start":{"line":184,"column":2},"end":{"line":184,"column":null}},"35":{"start":{"line":185,"column":2},"end":{"line":185,"column":null}},"36":{"start":{"line":186,"column":2},"end":{"line":186,"column":null}},"37":{"start":{"line":200,"column":2},"end":{"line":200,"column":null}},"38":{"start":{"line":201,"column":2},"end":{"line":201,"column":null}},"39":{"start":{"line":202,"column":2},"end":{"line":202,"column":null}},"40":{"start":{"line":203,"column":2},"end":{"line":203,"column":null}},"41":{"start":{"line":206,"column":2},"end":{"line":212,"column":null}},"42":{"start":{"line":207,"column":4},"end":{"line":211,"column":null}},"43":{"start":{"line":215,"column":2},"end":{"line":221,"column":null}},"44":{"start":{"line":216,"column":4},"end":{"line":220,"column":null}},"45":{"start":{"line":232,"column":2},"end":{"line":232,"column":null}},"46":{"start":{"line":234,"column":18},"end":{"line":234,"column":null}},"47":{"start":{"line":235,"column":16},"end":{"line":235,"column":null}},"48":{"start":{"line":236,"column":2},"end":{"line":236,"column":null}},"49":{"start":{"line":238,"column":2},"end":{"line":254,"column":null}},"50":{"start":{"line":239,"column":4},"end":{"line":245,"column":null}},"51":{"start":{"line":240,"column":6},"end":{"line":244,"column":null}},"52":{"start":{"line":247,"column":4},"end":{"line":253,"column":null}},"53":{"start":{"line":248,"column":6},"end":{"line":252,"column":null}},"54":{"start":{"line":261,"column":2},"end":{"line":261,"column":null}},"55":{"start":{"line":263,"column":21},"end":{"line":263,"column":null}},"56":{"start":{"line":264,"column":2},"end":{"line":270,"column":null}},"57":{"start":{"line":265,"column":4},"end":{"line":269,"column":null}},"58":{"start":{"line":282,"column":2},"end":{"line":282,"column":null}},"59":{"start":{"line":284,"column":2},"end":{"line":290,"column":null}},"60":{"start":{"line":285,"column":4},"end":{"line":289,"column":null}}},"fnMap":{"0":{"name":"validateDateFormat","decl":{"start":{"line":12,"column":16},"end":{"line":12,"column":35}},"loc":{"start":{"line":12,"column":83},"end":{"line":31,"column":null}},"line":12},"1":{"name":"validateDateRange","decl":{"start":{"line":36,"column":16},"end":{"line":36,"column":null}},"loc":{"start":{"line":41,"column":8},"end":{"line":55,"column":null}},"line":41},"2":{"name":"validateUUID","decl":{"start":{"line":60,"column":16},"end":{"line":60,"column":29}},"loc":{"start":{"line":60,"column":73},"end":{"line":69,"column":null}},"line":60},"3":{"name":"validatePositiveNumber","decl":{"start":{"line":74,"column":16},"end":{"line":74,"column":null}},"loc":{"start":{"line":77,"column":8},"end":{"line":93,"column":null}},"line":77},"4":{"name":"validateNonNegativeNumber","decl":{"start":{"line":98,"column":16},"end":{"line":98,"column":null}},"loc":{"start":{"line":101,"column":8},"end":{"line":117,"column":null}},"line":101},"5":{"name":"validateNonEmptyString","decl":{"start":{"line":122,"column":16},"end":{"line":122,"column":null}},"loc":{"start":{"line":125,"column":8},"end":{"line":141,"column":null}},"line":125},"6":{"name":"validateLeaveType","decl":{"start":{"line":146,"column":16},"end":{"line":146,"column":34}},"loc":{"start":{"line":146,"column":85},"end":{"line":155,"column":null}},"line":146},"7":{"name":"validateShiftType","decl":{"start":{"line":160,"column":16},"end":{"line":160,"column":34}},"loc":{"start":{"line":160,"column":85},"end":{"line":169,"column":null}},"line":160},"8":{"name":"validateLeaveRequestData","decl":{"start":{"line":182,"column":16},"end":{"line":182,"column":41}},"loc":{"start":{"line":182,"column":81},"end":{"line":187,"column":null}},"line":182},"9":{"name":"validateSwapRequestData","decl":{"start":{"line":199,"column":16},"end":{"line":199,"column":40}},"loc":{"start":{"line":199,"column":79},"end":{"line":222,"column":null}},"line":199},"10":{"name":"validateFutureDate","decl":{"start":{"line":227,"column":16},"end":{"line":227,"column":null}},"loc":{"start":{"line":231,"column":8},"end":{"line":255,"column":null}},"line":231},"11":{"name":"validateEmail","decl":{"start":{"line":260,"column":16},"end":{"line":260,"column":30}},"loc":{"start":{"line":260,"column":80},"end":{"line":271,"column":null}},"line":260},"12":{"name":"validateRange","decl":{"start":{"line":276,"column":16},"end":{"line":276,"column":null}},"loc":{"start":{"line":281,"column":8},"end":{"line":291,"column":null}},"line":281}},"branchMap":{"0":{"loc":{"start":{"line":12,"column":49},"end":{"line":12,"column":83}},"type":"default-arg","locations":[{"start":{"line":12,"column":69},"end":{"line":12,"column":83}}],"line":12},"1":{"loc":{"start":{"line":14,"column":2},"end":{"line":20,"column":null}},"type":"if","locations":[{"start":{"line":14,"column":2},"end":{"line":20,"column":null}},{"start":{},"end":{}}],"line":14},"2":{"loc":{"start":{"line":24,"column":2},"end":{"line":30,"column":null}},"type":"if","locations":[{"start":{"line":24,"column":2},"end":{"line":30,"column":null}},{"start":{},"end":{}}],"line":24},"3":{"loc":{"start":{"line":39,"column":2},"end":{"line":39,"column":null}},"type":"default-arg","locations":[{"start":{"line":39,"column":27},"end":{"line":39,"column":null}}],"line":39},"4":{"loc":{"start":{"line":40,"column":2},"end":{"line":40,"column":null}},"type":"default-arg","locations":[{"start":{"line":40,"column":25},"end":{"line":40,"column":null}}],"line":40},"5":{"loc":{"start":{"line":48,"column":2},"end":{"line":54,"column":null}},"type":"if","locations":[{"start":{"line":48,"column":2},"end":{"line":54,"column":null}},{"start":{},"end":{}}],"line":48},"6":{"loc":{"start":{"line":60,"column":41},"end":{"line":60,"column":73}},"type":"default-arg","locations":[{"start":{"line":60,"column":61},"end":{"line":60,"column":73}}],"line":60},"7":{"loc":{"start":{"line":62,"column":2},"end":{"line":68,"column":null}},"type":"if","locations":[{"start":{"line":62,"column":2},"end":{"line":68,"column":null}},{"start":{},"end":{}}],"line":62},"8":{"loc":{"start":{"line":76,"column":2},"end":{"line":76,"column":null}},"type":"default-arg","locations":[{"start":{"line":76,"column":22},"end":{"line":76,"column":null}}],"line":76},"9":{"loc":{"start":{"line":78,"column":2},"end":{"line":84,"column":null}},"type":"if","locations":[{"start":{"line":78,"column":2},"end":{"line":84,"column":null}},{"start":{},"end":{}}],"line":78},"10":{"loc":{"start":{"line":78,"column":6},"end":{"line":78,"column":49}},"type":"binary-expr","locations":[{"start":{"line":78,"column":6},"end":{"line":78,"column":35}},{"start":{"line":78,"column":35},"end":{"line":78,"column":49}}],"line":78},"11":{"loc":{"start":{"line":86,"column":2},"end":{"line":92,"column":null}},"type":"if","locations":[{"start":{"line":86,"column":2},"end":{"line":92,"column":null}},{"start":{},"end":{}}],"line":86},"12":{"loc":{"start":{"line":100,"column":2},"end":{"line":100,"column":null}},"type":"default-arg","locations":[{"start":{"line":100,"column":22},"end":{"line":100,"column":null}}],"line":100},"13":{"loc":{"start":{"line":102,"column":2},"end":{"line":108,"column":null}},"type":"if","locations":[{"start":{"line":102,"column":2},"end":{"line":108,"column":null}},{"start":{},"end":{}}],"line":102},"14":{"loc":{"start":{"line":102,"column":6},"end":{"line":102,"column":49}},"type":"binary-expr","locations":[{"start":{"line":102,"column":6},"end":{"line":102,"column":35}},{"start":{"line":102,"column":35},"end":{"line":102,"column":49}}],"line":102},"15":{"loc":{"start":{"line":110,"column":2},"end":{"line":116,"column":null}},"type":"if","locations":[{"start":{"line":110,"column":2},"end":{"line":116,"column":null}},{"start":{},"end":{}}],"line":110},"16":{"loc":{"start":{"line":124,"column":2},"end":{"line":124,"column":null}},"type":"default-arg","locations":[{"start":{"line":124,"column":22},"end":{"line":124,"column":null}}],"line":124},"17":{"loc":{"start":{"line":126,"column":2},"end":{"line":132,"column":null}},"type":"if","locations":[{"start":{"line":126,"column":2},"end":{"line":132,"column":null}},{"start":{},"end":{}}],"line":126},"18":{"loc":{"start":{"line":134,"column":2},"end":{"line":140,"column":null}},"type":"if","locations":[{"start":{"line":134,"column":2},"end":{"line":140,"column":null}},{"start":{},"end":{}}],"line":134},"19":{"loc":{"start":{"line":148,"column":2},"end":{"line":154,"column":null}},"type":"if","locations":[{"start":{"line":148,"column":2},"end":{"line":154,"column":null}},{"start":{},"end":{}}],"line":148},"20":{"loc":{"start":{"line":162,"column":2},"end":{"line":168,"column":null}},"type":"if","locations":[{"start":{"line":162,"column":2},"end":{"line":168,"column":null}},{"start":{},"end":{}}],"line":162},"21":{"loc":{"start":{"line":206,"column":2},"end":{"line":212,"column":null}},"type":"if","locations":[{"start":{"line":206,"column":2},"end":{"line":212,"column":null}},{"start":{},"end":{}}],"line":206},"22":{"loc":{"start":{"line":215,"column":2},"end":{"line":221,"column":null}},"type":"if","locations":[{"start":{"line":215,"column":2},"end":{"line":221,"column":null}},{"start":{},"end":{}}],"line":215},"23":{"loc":{"start":{"line":229,"column":2},"end":{"line":229,"column":null}},"type":"default-arg","locations":[{"start":{"line":229,"column":22},"end":{"line":229,"column":null}}],"line":229},"24":{"loc":{"start":{"line":230,"column":2},"end":{"line":230,"column":null}},"type":"default-arg","locations":[{"start":{"line":230,"column":24},"end":{"line":230,"column":null}}],"line":230},"25":{"loc":{"start":{"line":238,"column":2},"end":{"line":254,"column":null}},"type":"if","locations":[{"start":{"line":238,"column":2},"end":{"line":254,"column":null}},{"start":{"line":246,"column":9},"end":{"line":254,"column":null}}],"line":238},"26":{"loc":{"start":{"line":239,"column":4},"end":{"line":245,"column":null}},"type":"if","locations":[{"start":{"line":239,"column":4},"end":{"line":245,"column":null}},{"start":{},"end":{}}],"line":239},"27":{"loc":{"start":{"line":247,"column":4},"end":{"line":253,"column":null}},"type":"if","locations":[{"start":{"line":247,"column":4},"end":{"line":253,"column":null}},{"start":{},"end":{}}],"line":247},"28":{"loc":{"start":{"line":260,"column":45},"end":{"line":260,"column":80}},"type":"default-arg","locations":[{"start":{"line":260,"column":65},"end":{"line":260,"column":80}}],"line":260},"29":{"loc":{"start":{"line":264,"column":2},"end":{"line":270,"column":null}},"type":"if","locations":[{"start":{"line":264,"column":2},"end":{"line":270,"column":null}},{"start":{},"end":{}}],"line":264},"30":{"loc":{"start":{"line":280,"column":2},"end":{"line":280,"column":null}},"type":"default-arg","locations":[{"start":{"line":280,"column":22},"end":{"line":280,"column":null}}],"line":280},"31":{"loc":{"start":{"line":284,"column":2},"end":{"line":290,"column":null}},"type":"if","locations":[{"start":{"line":284,"column":2},"end":{"line":290,"column":null}},{"start":{},"end":{}}],"line":284},"32":{"loc":{"start":{"line":284,"column":6},"end":{"line":284,"column":34}},"type":"binary-expr","locations":[{"start":{"line":284,"column":6},"end":{"line":284,"column":21}},{"start":{"line":284,"column":21},"end":{"line":284,"column":34}}],"line":284}},"s":{"0":14,"1":14,"2":0,"3":14,"4":14,"5":0,"6":7,"7":7,"8":7,"9":7,"10":7,"11":0,"12":31,"13":31,"14":0,"15":3,"16":0,"17":3,"18":0,"19":0,"20":0,"21":0,"22":0,"23":0,"24":0,"25":0,"26":0,"27":7,"28":7,"29":0,"30":0,"31":0,"32":0,"33":3,"34":3,"35":3,"36":3,"37":3,"38":3,"39":3,"40":3,"41":3,"42":0,"43":3,"44":0,"45":0,"46":0,"47":0,"48":0,"49":0,"50":0,"51":0,"52":0,"53":0,"54":0,"55":0,"56":0,"57":0,"58":0,"59":0,"60":0},"f":{"0":14,"1":7,"2":31,"3":3,"4":0,"5":0,"6":7,"7":0,"8":3,"9":3,"10":0,"11":0,"12":0},"b":{"0":[14],"1":[0,14],"2":[0,14],"3":[7],"4":[7],"5":[0,7],"6":[31],"7":[0,31],"8":[3],"9":[0,3],"10":[3,3],"11":[0,3],"12":[0],"13":[0,0],"14":[0,0],"15":[0,0],"16":[0],"17":[0,0],"18":[0,0],"19":[0,7],"20":[0,0],"21":[0,3],"22":[0,3],"23":[0],"24":[0],"25":[0,0],"26":[0,0],"27":[0,0],"28":[0],"29":[0,0],"30":[0],"31":[0,0],"32":[0,0]},"meta":{"lastBranch":33,"lastFunction":13,"lastStatement":61,"seen":{"f:12:16:12:35":0,"b:12:69:12:83":0,"s:13:23:13:Infinity":0,"b:14:2:20:Infinity:undefined:undefined:undefined:undefined":1,"s:14:2:20:Infinity":1,"s:15:4:19:Infinity":2,"s:23:18:23:Infinity":3,"b:24:2:30:Infinity:undefined:undefined:undefined:undefined":2,"s:24:2:30:Infinity":4,"s:25:4:29:Infinity":5,"f:36:16:36:Infinity":1,"b:39:27:39:Infinity":3,"b:40:25:40:Infinity":4,"s:42:2:42:Infinity":6,"s:43:2:43:Infinity":7,"s:45:16:45:Infinity":8,"s:46:14:46:Infinity":9,"b:48:2:54:Infinity:undefined:undefined:undefined:undefined":5,"s:48:2:54:Infinity":10,"s:49:4:53:Infinity":11,"f:60:16:60:29":2,"b:60:61:60:73":6,"s:61:20:61:Infinity":12,"b:62:2:68:Infinity:undefined:undefined:undefined:undefined":7,"s:62:2:68:Infinity":13,"s:63:4:67:Infinity":14,"f:74:16:74:Infinity":3,"b:76:22:76:Infinity":8,"b:78:2:84:Infinity:undefined:undefined:undefined:undefined":9,"s:78:2:84:Infinity":15,"b:78:6:78:35:78:35:78:49":10,"s:79:4:83:Infinity":16,"b:86:2:92:Infinity:undefined:undefined:undefined:undefined":11,"s:86:2:92:Infinity":17,"s:87:4:91:Infinity":18,"f:98:16:98:Infinity":4,"b:100:22:100:Infinity":12,"b:102:2:108:Infinity:undefined:undefined:undefined:undefined":13,"s:102:2:108:Infinity":19,"b:102:6:102:35:102:35:102:49":14,"s:103:4:107:Infinity":20,"b:110:2:116:Infinity:undefined:undefined:undefined:undefined":15,"s:110:2:116:Infinity":21,"s:111:4:115:Infinity":22,"f:122:16:122:Infinity":5,"b:124:22:124:Infinity":16,"b:126:2:132:Infinity:undefined:undefined:undefined:undefined":17,"s:126:2:132:Infinity":23,"s:127:4:131:Infinity":24,"b:134:2:140:Infinity:undefined:undefined:undefined:undefined":18,"s:134:2:140:Infinity":25,"s:135:4:139:Infinity":26,"f:146:16:146:34":6,"s:147:39:147:Infinity":27,"b:148:2:154:Infinity:undefined:undefined:undefined:undefined":19,"s:148:2:154:Infinity":28,"s:149:4:153:Infinity":29,"f:160:16:160:34":7,"s:161:39:161:Infinity":30,"b:162:2:168:Infinity:undefined:undefined:undefined:undefined":20,"s:162:2:168:Infinity":31,"s:163:4:167:Infinity":32,"f:182:16:182:41":8,"s:183:2:183:Infinity":33,"s:184:2:184:Infinity":34,"s:185:2:185:Infinity":35,"s:186:2:186:Infinity":36,"f:199:16:199:40":9,"s:200:2:200:Infinity":37,"s:201:2:201:Infinity":38,"s:202:2:202:Infinity":39,"s:203:2:203:Infinity":40,"b:206:2:212:Infinity:undefined:undefined:undefined:undefined":21,"s:206:2:212:Infinity":41,"s:207:4:211:Infinity":42,"b:215:2:221:Infinity:undefined:undefined:undefined:undefined":22,"s:215:2:221:Infinity":43,"s:216:4:220:Infinity":44,"f:227:16:227:Infinity":10,"b:229:22:229:Infinity":23,"b:230:24:230:Infinity":24,"s:232:2:232:Infinity":45,"s:234:18:234:Infinity":46,"s:235:16:235:Infinity":47,"s:236:2:236:Infinity":48,"b:238:2:254:Infinity:246:9:254:Infinity":25,"s:238:2:254:Infinity":49,"b:239:4:245:Infinity:undefined:undefined:undefined:undefined":26,"s:239:4:245:Infinity":50,"s:240:6:244:Infinity":51,"b:247:4:253:Infinity:undefined:undefined:undefined:undefined":27,"s:247:4:253:Infinity":52,"s:248:6:252:Infinity":53,"f:260:16:260:30":11,"b:260:65:260:80":28,"s:261:2:261:Infinity":54,"s:263:21:263:Infinity":55,"b:264:2:270:Infinity:undefined:undefined:undefined:undefined":29,"s:264:2:270:Infinity":56,"s:265:4:269:Infinity":57,"f:276:16:276:Infinity":12,"b:280:22:280:Infinity":30,"s:282:2:282:Infinity":58,"b:284:2:290:Infinity:undefined:undefined:undefined:undefined":31,"s:284:2:290:Infinity":59,"b:284:6:284:21:284:21:284:34":32,"s:285:4:289:Infinity":60}}}
,"C:\\Users\\lenovo\\OneDrive\\Documents\\WFM\\src\\utils\\validators.ts": {"path":"C:\\Users\\lenovo\\OneDrive\\Documents\\WFM\\src\\utils\\validators.ts","statementMap":{"0":{"start":{"line":10,"column":27},"end":{"line":24,"column":null}},"1":{"start":{"line":17,"column":17},"end":{"line":17,"column":null}},"2":{"start":{"line":26,"column":28},"end":{"line":36,"column":null}},"3":{"start":{"line":33,"column":20},"end":{"line":33,"column":60}},"4":{"start":{"line":42,"column":34},"end":{"line":61,"column":null}},"5":{"start":{"line":53,"column":18},"end":{"line":53,"column":null}},"6":{"start":{"line":54,"column":16},"end":{"line":54,"column":null}},"7":{"start":{"line":55,"column":4},"end":{"line":55,"column":null}},"8":{"start":{"line":67,"column":33},"end":{"line":71,"column":null}},"9":{"start":{"line":77,"column":29},"end":{"line":82,"column":null}},"10":{"start":{"line":88,"column":30},"end":{"line":117,"column":null}},"11":{"start":{"line":123,"column":30},"end":{"line":126,"column":null}},"12":{"start":{"line":132,"column":30},"end":{"line":136,"column":null}},"13":{"start":{"line":138,"column":37},"end":{"line":142,"column":null}}},"fnMap":{"0":{"name":"(anonymous_0)","decl":{"start":{"line":17,"column":6},"end":{"line":17,"column":7}},"loc":{"start":{"line":17,"column":17},"end":{"line":17,"column":null}},"line":17},"1":{"name":"(anonymous_1)","decl":{"start":{"line":33,"column":10},"end":{"line":33,"column":11}},"loc":{"start":{"line":33,"column":20},"end":{"line":33,"column":60}},"line":33},"2":{"name":"(anonymous_2)","decl":{"start":{"line":52,"column":2},"end":{"line":52,"column":3}},"loc":{"start":{"line":52,"column":12},"end":{"line":56,"column":null}},"line":52}},"branchMap":{},"s":{"0":1,"1":6,"2":1,"3":3,"4":1,"5":2,"6":2,"7":2,"8":1,"9":1,"10":1,"11":1,"12":1,"13":1},"f":{"0":6,"1":3,"2":2},"b":{},"meta":{"lastBranch":0,"lastFunction":3,"lastStatement":14,"seen":{"s:10:27:24:Infinity":0,"f:17:6:17:7":0,"s:17:17:17:Infinity":1,"s:26:28:36:Infinity":2,"f:33:10:33:11":1,"s:33:20:33:60":3,"s:42:34:61:Infinity":4,"f:52:2:52:3":2,"s:53:18:53:Infinity":5,"s:54:16:54:Infinity":6,"s:55:4:55:Infinity":7,"s:67:33:71:Infinity":8,"s:77:29:82:Infinity":9,"s:88:30:117:Infinity":10,"s:123:30:126:Infinity":11,"s:132:30:136:Infinity":12,"s:138:37:142:Infinity":13}}}
}
